2020-04-13 09:10:25.159 [main] INFO  c.s.s.SpringbootKuangshenApplicationTests - Starting SpringbootKuangshenApplicationTests on sch with PID 19758 (started by sch in /home/sch/project/untitled/springboot-kuangshen)
2020-04-13 09:10:25.165 [main] INFO  c.s.s.SpringbootKuangshenApplicationTests - No active profile set, falling back to default profiles: default
2020-04-13 09:10:26.572 [main] INFO  o.s.d.r.config.RepositoryConfigurationDelegate - Multiple Spring Data modules found, entering strict repository configuration mode!
2020-04-13 09:10:26.579 [main] INFO  o.s.d.r.config.RepositoryConfigurationDelegate - Bootstrapping Spring Data Redis repositories in DEFAULT mode.
2020-04-13 09:10:26.627 [main] INFO  o.s.d.r.config.RepositoryConfigurationDelegate - Finished Spring Data repository scanning in 8ms. Found 0 Redis repository interfaces.
2020-04-13 09:10:28.527 [main] INFO  o.s.scheduling.concurrent.ThreadPoolTaskExecutor - Initializing ExecutorService 'applicationTaskExecutor'
2020-04-13 09:10:29.836 [main] INFO  c.s.s.SpringbootKuangshenApplicationTests - Started SpringbootKuangshenApplicationTests in 5.613 seconds (JVM running for 7.971)
2020-04-13 09:10:30.270 [SpringContextShutdownHook] INFO  o.s.scheduling.concurrent.ThreadPoolTaskExecutor - Shutting down ExecutorService 'applicationTaskExecutor'
2020-04-13 09:14:35.180 [main] INFO  c.s.s.SpringbootKuangshenApplicationTests - Starting SpringbootKuangshenApplicationTests on sch with PID 21085 (started by sch in /home/sch/project/untitled/springboot-kuangshen)
2020-04-13 09:14:35.181 [main] INFO  c.s.s.SpringbootKuangshenApplicationTests - The following profiles are active: dev
2020-04-13 09:14:35.816 [main] INFO  o.s.d.r.config.RepositoryConfigurationDelegate - Multiple Spring Data modules found, entering strict repository configuration mode!
2020-04-13 09:14:35.819 [main] INFO  o.s.d.r.config.RepositoryConfigurationDelegate - Bootstrapping Spring Data Redis repositories in DEFAULT mode.
2020-04-13 09:14:35.839 [main] INFO  o.s.d.r.config.RepositoryConfigurationDelegate - Finished Spring Data repository scanning in 5ms. Found 0 Redis repository interfaces.
2020-04-13 09:14:37.017 [main] INFO  o.s.scheduling.concurrent.ThreadPoolTaskExecutor - Initializing ExecutorService 'applicationTaskExecutor'
2020-04-13 09:14:37.910 [main] INFO  c.s.s.SpringbootKuangshenApplicationTests - Started SpringbootKuangshenApplicationTests in 3.378 seconds (JVM running for 5.172)
2020-04-13 09:14:38.173 [SpringContextShutdownHook] INFO  o.s.scheduling.concurrent.ThreadPoolTaskExecutor - Shutting down ExecutorService 'applicationTaskExecutor'
2020-04-13 10:00:05.022 [main] INFO  c.s.s.SpringbootKuangshenApplication - Starting SpringbootKuangshenApplication on sch with PID 31121 (/home/sch/project/untitled/springboot-kuangshen/target/classes started by sch in /home/sch/project/untitled/springboot-kuangshen)
2020-04-13 10:00:05.023 [main] INFO  c.s.s.SpringbootKuangshenApplication - The following profiles are active: dev
2020-04-13 10:00:05.745 [main] INFO  o.s.d.r.config.RepositoryConfigurationDelegate - Multiple Spring Data modules found, entering strict repository configuration mode!
2020-04-13 10:00:05.747 [main] INFO  o.s.d.r.config.RepositoryConfigurationDelegate - Bootstrapping Spring Data Redis repositories in DEFAULT mode.
2020-04-13 10:00:05.764 [main] INFO  o.s.d.r.config.RepositoryConfigurationDelegate - Finished Spring Data repository scanning in 4ms. Found 0 Redis repository interfaces.
2020-04-13 10:00:06.247 [main] INFO  o.s.boot.web.embedded.tomcat.TomcatWebServer - Tomcat initialized with port(s): 8090 (http)
2020-04-13 10:00:06.254 [main] INFO  org.apache.coyote.http11.Http11NioProtocol - Initializing ProtocolHandler ["http-nio-8090"]
2020-04-13 10:00:06.255 [main] INFO  org.apache.catalina.core.StandardService - Starting service [Tomcat]
2020-04-13 10:00:06.255 [main] INFO  org.apache.catalina.core.StandardEngine - Starting Servlet engine: [Apache Tomcat/9.0.33]
2020-04-13 10:00:06.316 [main] INFO  o.a.c.c.C.[Tomcat].[localhost].[/springBootWeb] - Initializing Spring embedded WebApplicationContext
2020-04-13 10:00:06.317 [main] INFO  org.springframework.web.context.ContextLoader - Root WebApplicationContext: initialization completed in 1164 ms
2020-04-13 10:00:06.615 [main] INFO  o.s.scheduling.concurrent.ThreadPoolTaskExecutor - Initializing ExecutorService 'applicationTaskExecutor'
2020-04-13 10:00:07.134 [main] INFO  org.apache.coyote.http11.Http11NioProtocol - Starting ProtocolHandler ["http-nio-8090"]
2020-04-13 10:00:07.157 [main] INFO  o.s.boot.web.embedded.tomcat.TomcatWebServer - Tomcat started on port(s): 8090 (http) with context path '/springBootWeb'
2020-04-13 10:00:07.159 [main] INFO  c.s.s.SpringbootKuangshenApplication - Started SpringbootKuangshenApplication in 2.679 seconds (JVM running for 3.275)
2020-04-13 10:00:30.749 [SpringContextShutdownHook] INFO  o.s.scheduling.concurrent.ThreadPoolTaskExecutor - Shutting down ExecutorService 'applicationTaskExecutor'
2020-04-13 10:00:36.157 [main] INFO  c.s.s.SpringbootKuangshenApplication - Starting SpringbootKuangshenApplication on sch with PID 31430 (/home/sch/project/untitled/springboot-kuangshen/target/classes started by sch in /home/sch/project/untitled/springboot-kuangshen)
2020-04-13 10:00:36.160 [main] INFO  c.s.s.SpringbootKuangshenApplication - No active profile set, falling back to default profiles: default
2020-04-13 10:00:36.755 [main] INFO  o.s.d.r.config.RepositoryConfigurationDelegate - Multiple Spring Data modules found, entering strict repository configuration mode!
2020-04-13 10:00:36.757 [main] INFO  o.s.d.r.config.RepositoryConfigurationDelegate - Bootstrapping Spring Data Redis repositories in DEFAULT mode.
2020-04-13 10:00:36.773 [main] INFO  o.s.d.r.config.RepositoryConfigurationDelegate - Finished Spring Data repository scanning in 4ms. Found 0 Redis repository interfaces.
2020-04-13 10:00:37.152 [main] INFO  o.s.boot.web.embedded.tomcat.TomcatWebServer - Tomcat initialized with port(s): 8089 (http)
2020-04-13 10:00:37.158 [main] INFO  org.apache.coyote.http11.Http11NioProtocol - Initializing ProtocolHandler ["http-nio-8089"]
2020-04-13 10:00:37.159 [main] INFO  org.apache.catalina.core.StandardService - Starting service [Tomcat]
2020-04-13 10:00:37.159 [main] INFO  org.apache.catalina.core.StandardEngine - Starting Servlet engine: [Apache Tomcat/9.0.33]
2020-04-13 10:00:37.207 [main] INFO  o.a.c.c.C.[Tomcat].[localhost].[/springBootWeb] - Initializing Spring embedded WebApplicationContext
2020-04-13 10:00:37.207 [main] INFO  org.springframework.web.context.ContextLoader - Root WebApplicationContext: initialization completed in 899 ms
2020-04-13 10:00:37.461 [main] INFO  o.s.scheduling.concurrent.ThreadPoolTaskExecutor - Initializing ExecutorService 'applicationTaskExecutor'
2020-04-13 10:00:37.928 [main] INFO  org.apache.coyote.http11.Http11NioProtocol - Starting ProtocolHandler ["http-nio-8089"]
2020-04-13 10:00:37.940 [main] INFO  o.s.boot.web.embedded.tomcat.TomcatWebServer - Tomcat started on port(s): 8089 (http) with context path '/springBootWeb'
2020-04-13 10:00:37.942 [main] INFO  c.s.s.SpringbootKuangshenApplication - Started SpringbootKuangshenApplication in 2.299 seconds (JVM running for 2.736)
2020-04-13 10:00:43.786 [http-nio-8089-exec-1] INFO  o.a.c.c.C.[Tomcat].[localhost].[/springBootWeb] - Initializing Spring DispatcherServlet 'dispatcherServlet'
2020-04-13 10:00:43.786 [http-nio-8089-exec-1] INFO  org.springframework.web.servlet.DispatcherServlet - Initializing Servlet 'dispatcherServlet'
2020-04-13 10:00:43.794 [http-nio-8089-exec-1] INFO  org.springframework.web.servlet.DispatcherServlet - Completed initialization in 7 ms
2020-04-13 10:00:49.964 [SpringContextShutdownHook] INFO  o.s.scheduling.concurrent.ThreadPoolTaskExecutor - Shutting down ExecutorService 'applicationTaskExecutor'
2020-04-13 10:00:55.384 [main] INFO  c.s.s.SpringbootKuangshenApplication - Starting SpringbootKuangshenApplication on sch with PID 31624 (/home/sch/project/untitled/springboot-kuangshen/target/classes started by sch in /home/sch/project/untitled/springboot-kuangshen)
2020-04-13 10:00:55.385 [main] INFO  c.s.s.SpringbootKuangshenApplication - The following profiles are active: dev
2020-04-13 10:00:56.006 [main] INFO  o.s.d.r.config.RepositoryConfigurationDelegate - Multiple Spring Data modules found, entering strict repository configuration mode!
2020-04-13 10:00:56.007 [main] INFO  o.s.d.r.config.RepositoryConfigurationDelegate - Bootstrapping Spring Data Redis repositories in DEFAULT mode.
2020-04-13 10:00:56.022 [main] INFO  o.s.d.r.config.RepositoryConfigurationDelegate - Finished Spring Data repository scanning in 4ms. Found 0 Redis repository interfaces.
2020-04-13 10:00:56.423 [main] INFO  o.s.boot.web.embedded.tomcat.TomcatWebServer - Tomcat initialized with port(s): 8090 (http)
2020-04-13 10:00:56.430 [main] INFO  org.apache.coyote.http11.Http11NioProtocol - Initializing ProtocolHandler ["http-nio-8090"]
2020-04-13 10:00:56.431 [main] INFO  org.apache.catalina.core.StandardService - Starting service [Tomcat]
2020-04-13 10:00:56.431 [main] INFO  org.apache.catalina.core.StandardEngine - Starting Servlet engine: [Apache Tomcat/9.0.33]
2020-04-13 10:00:56.480 [main] INFO  o.a.c.c.C.[Tomcat].[localhost].[/springBootWeb] - Initializing Spring embedded WebApplicationContext
2020-04-13 10:00:56.481 [main] INFO  org.springframework.web.context.ContextLoader - Root WebApplicationContext: initialization completed in 989 ms
2020-04-13 10:00:56.747 [main] INFO  o.s.scheduling.concurrent.ThreadPoolTaskExecutor - Initializing ExecutorService 'applicationTaskExecutor'
2020-04-13 10:00:57.240 [main] INFO  org.apache.coyote.http11.Http11NioProtocol - Starting ProtocolHandler ["http-nio-8090"]
2020-04-13 10:00:57.262 [main] INFO  o.s.boot.web.embedded.tomcat.TomcatWebServer - Tomcat started on port(s): 8090 (http) with context path '/springBootWeb'
2020-04-13 10:00:57.265 [main] INFO  c.s.s.SpringbootKuangshenApplication - Started SpringbootKuangshenApplication in 2.306 seconds (JVM running for 2.769)
2020-04-13 10:01:16.002 [SpringContextShutdownHook] INFO  o.s.scheduling.concurrent.ThreadPoolTaskExecutor - Shutting down ExecutorService 'applicationTaskExecutor'
2020-04-13 10:01:19.186 [main] INFO  c.s.s.SpringbootKuangshenApplication - Starting SpringbootKuangshenApplication on sch with PID 31961 (/home/sch/project/untitled/springboot-kuangshen/target/classes started by sch in /home/sch/project/untitled/springboot-kuangshen)
2020-04-13 10:01:19.188 [main] INFO  c.s.s.SpringbootKuangshenApplication - No active profile set, falling back to default profiles: default
2020-04-13 10:01:19.771 [main] INFO  o.s.d.r.config.RepositoryConfigurationDelegate - Multiple Spring Data modules found, entering strict repository configuration mode!
2020-04-13 10:01:19.773 [main] INFO  o.s.d.r.config.RepositoryConfigurationDelegate - Bootstrapping Spring Data Redis repositories in DEFAULT mode.
2020-04-13 10:01:19.788 [main] INFO  o.s.d.r.config.RepositoryConfigurationDelegate - Finished Spring Data repository scanning in 5ms. Found 0 Redis repository interfaces.
2020-04-13 10:01:20.179 [main] INFO  o.s.boot.web.embedded.tomcat.TomcatWebServer - Tomcat initialized with port(s): 8089 (http)
2020-04-13 10:01:20.185 [main] INFO  org.apache.coyote.http11.Http11NioProtocol - Initializing ProtocolHandler ["http-nio-8089"]
2020-04-13 10:01:20.186 [main] INFO  org.apache.catalina.core.StandardService - Starting service [Tomcat]
2020-04-13 10:01:20.186 [main] INFO  org.apache.catalina.core.StandardEngine - Starting Servlet engine: [Apache Tomcat/9.0.33]
2020-04-13 10:01:20.234 [main] INFO  o.a.c.c.C.[Tomcat].[localhost].[/springBootWeb] - Initializing Spring embedded WebApplicationContext
2020-04-13 10:01:20.234 [main] INFO  org.springframework.web.context.ContextLoader - Root WebApplicationContext: initialization completed in 936 ms
2020-04-13 10:01:20.489 [main] INFO  o.s.scheduling.concurrent.ThreadPoolTaskExecutor - Initializing ExecutorService 'applicationTaskExecutor'
2020-04-13 10:01:20.960 [main] INFO  org.apache.coyote.http11.Http11NioProtocol - Starting ProtocolHandler ["http-nio-8089"]
2020-04-13 10:01:20.973 [main] INFO  o.s.boot.web.embedded.tomcat.TomcatWebServer - Tomcat started on port(s): 8089 (http) with context path '/springBootWeb'
2020-04-13 10:01:20.975 [main] INFO  c.s.s.SpringbootKuangshenApplication - Started SpringbootKuangshenApplication in 2.251 seconds (JVM running for 2.727)
2020-04-13 10:01:25.792 [http-nio-8089-exec-1] INFO  o.a.c.c.C.[Tomcat].[localhost].[/springBootWeb] - Initializing Spring DispatcherServlet 'dispatcherServlet'
2020-04-13 10:01:25.792 [http-nio-8089-exec-1] INFO  org.springframework.web.servlet.DispatcherServlet - Initializing Servlet 'dispatcherServlet'
2020-04-13 10:01:25.797 [http-nio-8089-exec-1] INFO  org.springframework.web.servlet.DispatcherServlet - Completed initialization in 5 ms
2020-04-13 10:01:31.527 [SpringContextShutdownHook] INFO  o.s.scheduling.concurrent.ThreadPoolTaskExecutor - Shutting down ExecutorService 'applicationTaskExecutor'
2020-04-13 10:35:23.093 [main] INFO  c.s.s.SpringbootKuangshenApplication - Starting SpringbootKuangshenApplication on sch with PID 6436 (/home/sch/project/untitled/springboot-kuangshen/target/classes started by sch in /home/sch/project/untitled/springboot-kuangshen)
2020-04-13 10:35:23.095 [main] INFO  c.s.s.SpringbootKuangshenApplication - No active profile set, falling back to default profiles: default
2020-04-13 10:35:23.686 [main] INFO  o.s.d.r.config.RepositoryConfigurationDelegate - Multiple Spring Data modules found, entering strict repository configuration mode!
2020-04-13 10:35:23.688 [main] INFO  o.s.d.r.config.RepositoryConfigurationDelegate - Bootstrapping Spring Data Redis repositories in DEFAULT mode.
2020-04-13 10:35:23.703 [main] INFO  o.s.d.r.config.RepositoryConfigurationDelegate - Finished Spring Data repository scanning in 4ms. Found 0 Redis repository interfaces.
2020-04-13 10:35:24.116 [main] INFO  o.s.boot.web.embedded.tomcat.TomcatWebServer - Tomcat initialized with port(s): 8089 (http)
2020-04-13 10:35:24.123 [main] INFO  org.apache.coyote.http11.Http11NioProtocol - Initializing ProtocolHandler ["http-nio-8089"]
2020-04-13 10:35:24.124 [main] INFO  org.apache.catalina.core.StandardService - Starting service [Tomcat]
2020-04-13 10:35:24.124 [main] INFO  org.apache.catalina.core.StandardEngine - Starting Servlet engine: [Apache Tomcat/9.0.33]
2020-04-13 10:35:24.178 [main] INFO  o.a.c.c.C.[Tomcat].[localhost].[/springBootWeb] - Initializing Spring embedded WebApplicationContext
2020-04-13 10:35:24.178 [main] INFO  org.springframework.web.context.ContextLoader - Root WebApplicationContext: initialization completed in 978 ms
2020-04-13 10:35:24.441 [main] INFO  o.s.scheduling.concurrent.ThreadPoolTaskExecutor - Initializing ExecutorService 'applicationTaskExecutor'
2020-04-13 10:35:24.933 [main] INFO  org.apache.coyote.http11.Http11NioProtocol - Starting ProtocolHandler ["http-nio-8089"]
2020-04-13 10:35:24.945 [main] INFO  o.s.boot.web.embedded.tomcat.TomcatWebServer - Tomcat started on port(s): 8089 (http) with context path '/springBootWeb'
2020-04-13 10:35:24.948 [main] INFO  c.s.s.SpringbootKuangshenApplication - Started SpringbootKuangshenApplication in 2.36 seconds (JVM running for 2.834)
2020-04-13 10:35:30.782 [http-nio-8089-exec-1] INFO  o.a.c.c.C.[Tomcat].[localhost].[/springBootWeb] - Initializing Spring DispatcherServlet 'dispatcherServlet'
2020-04-13 10:35:30.782 [http-nio-8089-exec-1] INFO  org.springframework.web.servlet.DispatcherServlet - Initializing Servlet 'dispatcherServlet'
2020-04-13 10:35:30.788 [http-nio-8089-exec-1] INFO  org.springframework.web.servlet.DispatcherServlet - Completed initialization in 6 ms
2020-04-13 10:36:11.932 [SpringContextShutdownHook] INFO  o.s.scheduling.concurrent.ThreadPoolTaskExecutor - Shutting down ExecutorService 'applicationTaskExecutor'
2020-04-13 10:36:21.676 [main] INFO  c.s.s.SpringbootKuangshenApplication - Starting SpringbootKuangshenApplication on sch with PID 6866 (/home/sch/project/untitled/springboot-kuangshen/target/classes started by sch in /home/sch/project/untitled/springboot-kuangshen)
2020-04-13 10:36:21.678 [main] INFO  c.s.s.SpringbootKuangshenApplication - No active profile set, falling back to default profiles: default
2020-04-13 10:36:22.204 [main] INFO  o.s.d.r.config.RepositoryConfigurationDelegate - Multiple Spring Data modules found, entering strict repository configuration mode!
2020-04-13 10:36:22.206 [main] INFO  o.s.d.r.config.RepositoryConfigurationDelegate - Bootstrapping Spring Data Redis repositories in DEFAULT mode.
2020-04-13 10:36:22.220 [main] INFO  o.s.d.r.config.RepositoryConfigurationDelegate - Finished Spring Data repository scanning in 4ms. Found 0 Redis repository interfaces.
2020-04-13 10:36:22.607 [main] INFO  o.s.boot.web.embedded.tomcat.TomcatWebServer - Tomcat initialized with port(s): 8089 (http)
2020-04-13 10:36:22.614 [main] INFO  org.apache.coyote.http11.Http11NioProtocol - Initializing ProtocolHandler ["http-nio-8089"]
2020-04-13 10:36:22.614 [main] INFO  org.apache.catalina.core.StandardService - Starting service [Tomcat]
2020-04-13 10:36:22.614 [main] INFO  org.apache.catalina.core.StandardEngine - Starting Servlet engine: [Apache Tomcat/9.0.33]
2020-04-13 10:36:22.665 [main] INFO  o.a.c.c.C.[Tomcat].[localhost].[/springBootWeb] - Initializing Spring embedded WebApplicationContext
2020-04-13 10:36:22.666 [main] INFO  org.springframework.web.context.ContextLoader - Root WebApplicationContext: initialization completed in 893 ms
2020-04-13 10:36:22.919 [main] INFO  o.s.scheduling.concurrent.ThreadPoolTaskExecutor - Initializing ExecutorService 'applicationTaskExecutor'
2020-04-13 10:36:23.387 [main] INFO  org.apache.coyote.http11.Http11NioProtocol - Starting ProtocolHandler ["http-nio-8089"]
2020-04-13 10:36:23.400 [main] INFO  o.s.boot.web.embedded.tomcat.TomcatWebServer - Tomcat started on port(s): 8089 (http) with context path '/springBootWeb'
2020-04-13 10:36:23.403 [main] INFO  c.s.s.SpringbootKuangshenApplication - Started SpringbootKuangshenApplication in 2.244 seconds (JVM running for 2.681)
2020-04-13 10:36:27.001 [http-nio-8089-exec-1] INFO  o.a.c.c.C.[Tomcat].[localhost].[/springBootWeb] - Initializing Spring DispatcherServlet 'dispatcherServlet'
2020-04-13 10:36:27.002 [http-nio-8089-exec-1] INFO  org.springframework.web.servlet.DispatcherServlet - Initializing Servlet 'dispatcherServlet'
2020-04-13 10:36:27.007 [http-nio-8089-exec-1] INFO  org.springframework.web.servlet.DispatcherServlet - Completed initialization in 5 ms
2020-04-13 10:37:15.858 [SpringContextShutdownHook] INFO  o.s.scheduling.concurrent.ThreadPoolTaskExecutor - Shutting down ExecutorService 'applicationTaskExecutor'
2020-04-13 10:37:34.274 [main] INFO  c.s.s.SpringbootKuangshenApplication - Starting SpringbootKuangshenApplication on sch with PID 7377 (/home/sch/project/untitled/springboot-kuangshen/target/classes started by sch in /home/sch/project/untitled/springboot-kuangshen)
2020-04-13 10:37:34.288 [main] INFO  c.s.s.SpringbootKuangshenApplication - No active profile set, falling back to default profiles: default
2020-04-13 10:37:34.898 [main] INFO  o.s.d.r.config.RepositoryConfigurationDelegate - Multiple Spring Data modules found, entering strict repository configuration mode!
2020-04-13 10:37:34.900 [main] INFO  o.s.d.r.config.RepositoryConfigurationDelegate - Bootstrapping Spring Data Redis repositories in DEFAULT mode.
2020-04-13 10:37:34.916 [main] INFO  o.s.d.r.config.RepositoryConfigurationDelegate - Finished Spring Data repository scanning in 4ms. Found 0 Redis repository interfaces.
2020-04-13 10:37:35.321 [main] INFO  o.s.boot.web.embedded.tomcat.TomcatWebServer - Tomcat initialized with port(s): 8089 (http)
2020-04-13 10:37:35.328 [main] INFO  org.apache.coyote.http11.Http11NioProtocol - Initializing ProtocolHandler ["http-nio-8089"]
2020-04-13 10:37:35.329 [main] INFO  org.apache.catalina.core.StandardService - Starting service [Tomcat]
2020-04-13 10:37:35.329 [main] INFO  org.apache.catalina.core.StandardEngine - Starting Servlet engine: [Apache Tomcat/9.0.33]
2020-04-13 10:37:35.383 [main] INFO  o.a.c.c.C.[Tomcat].[localhost].[/springBootWeb] - Initializing Spring embedded WebApplicationContext
2020-04-13 10:37:35.383 [main] INFO  org.springframework.web.context.ContextLoader - Root WebApplicationContext: initialization completed in 971 ms
2020-04-13 10:37:35.654 [main] INFO  o.s.scheduling.concurrent.ThreadPoolTaskExecutor - Initializing ExecutorService 'applicationTaskExecutor'
2020-04-13 10:37:36.150 [main] INFO  org.apache.coyote.http11.Http11NioProtocol - Starting ProtocolHandler ["http-nio-8089"]
2020-04-13 10:37:36.163 [main] INFO  o.s.boot.web.embedded.tomcat.TomcatWebServer - Tomcat started on port(s): 8089 (http) with context path '/springBootWeb'
2020-04-13 10:37:36.165 [main] INFO  c.s.s.SpringbootKuangshenApplication - Started SpringbootKuangshenApplication in 2.367 seconds (JVM running for 2.842)
2020-04-13 10:37:40.895 [http-nio-8089-exec-1] INFO  o.a.c.c.C.[Tomcat].[localhost].[/springBootWeb] - Initializing Spring DispatcherServlet 'dispatcherServlet'
2020-04-13 10:37:40.896 [http-nio-8089-exec-1] INFO  org.springframework.web.servlet.DispatcherServlet - Initializing Servlet 'dispatcherServlet'
2020-04-13 10:37:40.903 [http-nio-8089-exec-1] INFO  org.springframework.web.servlet.DispatcherServlet - Completed initialization in 7 ms
2020-04-13 10:37:51.365 [SpringContextShutdownHook] INFO  o.s.scheduling.concurrent.ThreadPoolTaskExecutor - Shutting down ExecutorService 'applicationTaskExecutor'
2020-04-13 10:50:17.319 [main] INFO  c.s.s.SpringbootKuangshenApplication - Starting SpringbootKuangshenApplication on sch with PID 9179 (/home/sch/project/untitled/springboot-kuangshen/target/classes started by sch in /home/sch/project/untitled/springboot-kuangshen)
2020-04-13 10:50:17.321 [main] INFO  c.s.s.SpringbootKuangshenApplication - No active profile set, falling back to default profiles: default
2020-04-13 10:50:17.788 [main] INFO  o.s.d.r.config.RepositoryConfigurationDelegate - Multiple Spring Data modules found, entering strict repository configuration mode!
2020-04-13 10:50:17.789 [main] INFO  o.s.d.r.config.RepositoryConfigurationDelegate - Bootstrapping Spring Data Redis repositories in DEFAULT mode.
2020-04-13 10:50:17.803 [main] INFO  o.s.d.r.config.RepositoryConfigurationDelegate - Finished Spring Data repository scanning in 4ms. Found 0 Redis repository interfaces.
2020-04-13 10:50:18.185 [main] INFO  o.s.boot.web.embedded.tomcat.TomcatWebServer - Tomcat initialized with port(s): 8089 (http)
2020-04-13 10:50:18.191 [main] INFO  org.apache.coyote.http11.Http11NioProtocol - Initializing ProtocolHandler ["http-nio-8089"]
2020-04-13 10:50:18.192 [main] INFO  org.apache.catalina.core.StandardService - Starting service [Tomcat]
2020-04-13 10:50:18.192 [main] INFO  org.apache.catalina.core.StandardEngine - Starting Servlet engine: [Apache Tomcat/9.0.33]
2020-04-13 10:50:18.243 [main] INFO  o.a.c.c.C.[Tomcat].[localhost].[/springBootWeb] - Initializing Spring embedded WebApplicationContext
2020-04-13 10:50:18.243 [main] INFO  org.springframework.web.context.ContextLoader - Root WebApplicationContext: initialization completed in 877 ms
2020-04-13 10:50:18.496 [main] INFO  o.s.scheduling.concurrent.ThreadPoolTaskExecutor - Initializing ExecutorService 'applicationTaskExecutor'
2020-04-13 10:50:18.619 [main] INFO  o.s.b.a.web.servlet.WelcomePageHandlerMapping - Adding welcome page template: index
2020-04-13 10:50:19.007 [main] INFO  org.apache.coyote.http11.Http11NioProtocol - Starting ProtocolHandler ["http-nio-8089"]
2020-04-13 10:50:19.021 [main] INFO  o.s.boot.web.embedded.tomcat.TomcatWebServer - Tomcat started on port(s): 8089 (http) with context path '/springBootWeb'
2020-04-13 10:50:19.023 [main] INFO  c.s.s.SpringbootKuangshenApplication - Started SpringbootKuangshenApplication in 2.399 seconds (JVM running for 3.013)
2020-04-13 10:50:22.204 [http-nio-8089-exec-1] INFO  o.a.c.c.C.[Tomcat].[localhost].[/springBootWeb] - Initializing Spring DispatcherServlet 'dispatcherServlet'
2020-04-13 10:50:22.205 [http-nio-8089-exec-1] INFO  org.springframework.web.servlet.DispatcherServlet - Initializing Servlet 'dispatcherServlet'
2020-04-13 10:50:22.209 [http-nio-8089-exec-1] INFO  org.springframework.web.servlet.DispatcherServlet - Completed initialization in 4 ms
2020-04-13 10:52:51.042 [SpringContextShutdownHook] INFO  o.s.scheduling.concurrent.ThreadPoolTaskExecutor - Shutting down ExecutorService 'applicationTaskExecutor'
2020-04-13 10:52:54.519 [main] INFO  c.s.s.SpringbootKuangshenApplication - Starting SpringbootKuangshenApplication on sch with PID 9442 (/home/sch/project/untitled/springboot-kuangshen/target/classes started by sch in /home/sch/project/untitled/springboot-kuangshen)
2020-04-13 10:52:54.523 [main] INFO  c.s.s.SpringbootKuangshenApplication - No active profile set, falling back to default profiles: default
2020-04-13 10:52:55.341 [main] INFO  o.s.d.r.config.RepositoryConfigurationDelegate - Multiple Spring Data modules found, entering strict repository configuration mode!
2020-04-13 10:52:55.343 [main] INFO  o.s.d.r.config.RepositoryConfigurationDelegate - Bootstrapping Spring Data Redis repositories in DEFAULT mode.
2020-04-13 10:52:55.358 [main] INFO  o.s.d.r.config.RepositoryConfigurationDelegate - Finished Spring Data repository scanning in 4ms. Found 0 Redis repository interfaces.
2020-04-13 10:52:55.766 [main] INFO  o.s.boot.web.embedded.tomcat.TomcatWebServer - Tomcat initialized with port(s): 8089 (http)
2020-04-13 10:52:55.774 [main] INFO  org.apache.coyote.http11.Http11NioProtocol - Initializing ProtocolHandler ["http-nio-8089"]
2020-04-13 10:52:55.775 [main] INFO  org.apache.catalina.core.StandardService - Starting service [Tomcat]
2020-04-13 10:52:55.775 [main] INFO  org.apache.catalina.core.StandardEngine - Starting Servlet engine: [Apache Tomcat/9.0.33]
2020-04-13 10:52:55.831 [main] INFO  o.a.c.c.C.[Tomcat].[localhost].[/springBootWeb] - Initializing Spring embedded WebApplicationContext
2020-04-13 10:52:55.831 [main] INFO  org.springframework.web.context.ContextLoader - Root WebApplicationContext: initialization completed in 1171 ms
2020-04-13 10:52:56.100 [main] INFO  o.s.scheduling.concurrent.ThreadPoolTaskExecutor - Initializing ExecutorService 'applicationTaskExecutor'
2020-04-13 10:52:56.215 [main] INFO  o.s.b.a.web.servlet.WelcomePageHandlerMapping - Adding welcome page template: index
2020-04-13 10:52:56.593 [main] INFO  org.apache.coyote.http11.Http11NioProtocol - Starting ProtocolHandler ["http-nio-8089"]
2020-04-13 10:52:56.605 [main] INFO  o.s.boot.web.embedded.tomcat.TomcatWebServer - Tomcat started on port(s): 8089 (http) with context path '/springBootWeb'
2020-04-13 10:52:56.607 [main] INFO  c.s.s.SpringbootKuangshenApplication - Started SpringbootKuangshenApplication in 2.584 seconds (JVM running for 3.055)
2020-04-13 10:53:02.599 [http-nio-8089-exec-1] INFO  o.a.c.c.C.[Tomcat].[localhost].[/springBootWeb] - Initializing Spring DispatcherServlet 'dispatcherServlet'
2020-04-13 10:53:02.600 [http-nio-8089-exec-1] INFO  org.springframework.web.servlet.DispatcherServlet - Initializing Servlet 'dispatcherServlet'
2020-04-13 10:53:02.604 [http-nio-8089-exec-1] INFO  org.springframework.web.servlet.DispatcherServlet - Completed initialization in 4 ms
2020-04-13 10:56:57.590 [SpringContextShutdownHook] INFO  o.s.scheduling.concurrent.ThreadPoolTaskExecutor - Shutting down ExecutorService 'applicationTaskExecutor'
2020-04-13 10:58:09.264 [main] INFO  c.s.s.SpringbootKuangshenApplication - Starting SpringbootKuangshenApplication on sch with PID 10980 (/home/sch/project/untitled/springboot-kuangshen/target/classes started by sch in /home/sch/project/untitled/springboot-kuangshen)
2020-04-13 10:58:09.266 [main] INFO  c.s.s.SpringbootKuangshenApplication - No active profile set, falling back to default profiles: default
2020-04-13 10:58:09.792 [main] INFO  o.s.d.r.config.RepositoryConfigurationDelegate - Multiple Spring Data modules found, entering strict repository configuration mode!
2020-04-13 10:58:09.793 [main] INFO  o.s.d.r.config.RepositoryConfigurationDelegate - Bootstrapping Spring Data Redis repositories in DEFAULT mode.
2020-04-13 10:58:09.809 [main] INFO  o.s.d.r.config.RepositoryConfigurationDelegate - Finished Spring Data repository scanning in 5ms. Found 0 Redis repository interfaces.
2020-04-13 10:58:10.184 [main] INFO  o.s.boot.web.embedded.tomcat.TomcatWebServer - Tomcat initialized with port(s): 8089 (http)
2020-04-13 10:58:10.192 [main] INFO  org.apache.coyote.http11.Http11NioProtocol - Initializing ProtocolHandler ["http-nio-8089"]
2020-04-13 10:58:10.193 [main] INFO  org.apache.catalina.core.StandardService - Starting service [Tomcat]
2020-04-13 10:58:10.194 [main] INFO  org.apache.catalina.core.StandardEngine - Starting Servlet engine: [Apache Tomcat/9.0.33]
2020-04-13 10:58:10.245 [main] INFO  o.a.c.c.C.[Tomcat].[localhost].[/springBootWeb] - Initializing Spring embedded WebApplicationContext
2020-04-13 10:58:10.245 [main] INFO  org.springframework.web.context.ContextLoader - Root WebApplicationContext: initialization completed in 929 ms
2020-04-13 10:58:10.510 [main] INFO  o.s.scheduling.concurrent.ThreadPoolTaskExecutor - Initializing ExecutorService 'applicationTaskExecutor'
2020-04-13 10:58:10.622 [main] INFO  o.s.b.a.web.servlet.WelcomePageHandlerMapping - Adding welcome page template: index
2020-04-13 10:58:11.006 [main] INFO  org.apache.coyote.http11.Http11NioProtocol - Starting ProtocolHandler ["http-nio-8089"]
2020-04-13 10:58:11.019 [main] INFO  o.s.boot.web.embedded.tomcat.TomcatWebServer - Tomcat started on port(s): 8089 (http) with context path '/springBootWeb'
2020-04-13 10:58:11.021 [main] INFO  c.s.s.SpringbootKuangshenApplication - Started SpringbootKuangshenApplication in 2.366 seconds (JVM running for 2.891)
2020-04-13 10:58:13.498 [http-nio-8089-exec-1] INFO  o.a.c.c.C.[Tomcat].[localhost].[/springBootWeb] - Initializing Spring DispatcherServlet 'dispatcherServlet'
2020-04-13 10:58:13.499 [http-nio-8089-exec-1] INFO  org.springframework.web.servlet.DispatcherServlet - Initializing Servlet 'dispatcherServlet'
2020-04-13 10:58:13.506 [http-nio-8089-exec-1] INFO  org.springframework.web.servlet.DispatcherServlet - Completed initialization in 7 ms
2020-04-13 11:00:34.789 [SpringContextShutdownHook] INFO  o.s.scheduling.concurrent.ThreadPoolTaskExecutor - Shutting down ExecutorService 'applicationTaskExecutor'
2020-04-13 11:00:42.857 [main] INFO  c.s.s.SpringbootKuangshenApplication - Starting SpringbootKuangshenApplication on sch with PID 11812 (/home/sch/project/untitled/springboot-kuangshen/target/classes started by sch in /home/sch/project/untitled/springboot-kuangshen)
2020-04-13 11:00:42.860 [main] INFO  c.s.s.SpringbootKuangshenApplication - No active profile set, falling back to default profiles: default
2020-04-13 11:00:43.418 [main] INFO  o.s.d.r.config.RepositoryConfigurationDelegate - Multiple Spring Data modules found, entering strict repository configuration mode!
2020-04-13 11:00:43.420 [main] INFO  o.s.d.r.config.RepositoryConfigurationDelegate - Bootstrapping Spring Data Redis repositories in DEFAULT mode.
2020-04-13 11:00:43.436 [main] INFO  o.s.d.r.config.RepositoryConfigurationDelegate - Finished Spring Data repository scanning in 4ms. Found 0 Redis repository interfaces.
2020-04-13 11:00:43.835 [main] INFO  o.s.boot.web.embedded.tomcat.TomcatWebServer - Tomcat initialized with port(s): 8089 (http)
2020-04-13 11:00:43.842 [main] INFO  org.apache.coyote.http11.Http11NioProtocol - Initializing ProtocolHandler ["http-nio-8089"]
2020-04-13 11:00:43.843 [main] INFO  org.apache.catalina.core.StandardService - Starting service [Tomcat]
2020-04-13 11:00:43.843 [main] INFO  org.apache.catalina.core.StandardEngine - Starting Servlet engine: [Apache Tomcat/9.0.33]
2020-04-13 11:00:43.900 [main] INFO  o.a.c.c.C.[Tomcat].[localhost].[/springBootWeb] - Initializing Spring embedded WebApplicationContext
2020-04-13 11:00:43.900 [main] INFO  org.springframework.web.context.ContextLoader - Root WebApplicationContext: initialization completed in 944 ms
2020-04-13 11:00:44.189 [main] INFO  o.s.scheduling.concurrent.ThreadPoolTaskExecutor - Initializing ExecutorService 'applicationTaskExecutor'
2020-04-13 11:00:44.294 [main] INFO  o.s.b.a.web.servlet.WelcomePageHandlerMapping - Adding welcome page template: index
2020-04-13 11:00:44.702 [main] INFO  org.apache.coyote.http11.Http11NioProtocol - Starting ProtocolHandler ["http-nio-8089"]
2020-04-13 11:00:44.723 [main] INFO  o.s.boot.web.embedded.tomcat.TomcatWebServer - Tomcat started on port(s): 8089 (http) with context path '/springBootWeb'
2020-04-13 11:00:44.726 [main] INFO  c.s.s.SpringbootKuangshenApplication - Started SpringbootKuangshenApplication in 2.393 seconds (JVM running for 2.823)
2020-04-13 11:00:49.387 [http-nio-8089-exec-1] INFO  o.a.c.c.C.[Tomcat].[localhost].[/springBootWeb] - Initializing Spring DispatcherServlet 'dispatcherServlet'
2020-04-13 11:00:49.387 [http-nio-8089-exec-1] INFO  org.springframework.web.servlet.DispatcherServlet - Initializing Servlet 'dispatcherServlet'
2020-04-13 11:00:49.391 [http-nio-8089-exec-1] INFO  org.springframework.web.servlet.DispatcherServlet - Completed initialization in 4 ms
2020-04-13 11:01:01.354 [SpringContextShutdownHook] INFO  o.s.scheduling.concurrent.ThreadPoolTaskExecutor - Shutting down ExecutorService 'applicationTaskExecutor'
2020-04-13 11:04:28.569 [main] INFO  c.s.s.SpringbootKuangshenApplication - Starting SpringbootKuangshenApplication on sch with PID 12941 (/home/sch/project/untitled/springboot-kuangshen/target/classes started by sch in /home/sch/project/untitled/springboot-kuangshen)
2020-04-13 11:04:28.582 [main] INFO  c.s.s.SpringbootKuangshenApplication - No active profile set, falling back to default profiles: default
2020-04-13 11:04:29.206 [main] INFO  o.s.d.r.config.RepositoryConfigurationDelegate - Multiple Spring Data modules found, entering strict repository configuration mode!
2020-04-13 11:04:29.208 [main] INFO  o.s.d.r.config.RepositoryConfigurationDelegate - Bootstrapping Spring Data Redis repositories in DEFAULT mode.
2020-04-13 11:04:29.224 [main] INFO  o.s.d.r.config.RepositoryConfigurationDelegate - Finished Spring Data repository scanning in 5ms. Found 0 Redis repository interfaces.
2020-04-13 11:04:29.669 [main] INFO  o.s.boot.web.embedded.tomcat.TomcatWebServer - Tomcat initialized with port(s): 8089 (http)
2020-04-13 11:04:29.677 [main] INFO  org.apache.coyote.http11.Http11NioProtocol - Initializing ProtocolHandler ["http-nio-8089"]
2020-04-13 11:04:29.677 [main] INFO  org.apache.catalina.core.StandardService - Starting service [Tomcat]
2020-04-13 11:04:29.677 [main] INFO  org.apache.catalina.core.StandardEngine - Starting Servlet engine: [Apache Tomcat/9.0.33]
2020-04-13 11:04:29.731 [main] INFO  o.a.c.c.C.[Tomcat].[localhost].[/springBootWeb] - Initializing Spring embedded WebApplicationContext
2020-04-13 11:04:29.732 [main] INFO  org.springframework.web.context.ContextLoader - Root WebApplicationContext: initialization completed in 1085 ms
2020-04-13 11:04:30.027 [main] INFO  o.s.scheduling.concurrent.ThreadPoolTaskExecutor - Initializing ExecutorService 'applicationTaskExecutor'
2020-04-13 11:04:30.179 [main] INFO  o.s.b.a.web.servlet.WelcomePageHandlerMapping - Adding welcome page template: index
2020-04-13 11:04:30.600 [main] INFO  org.apache.coyote.http11.Http11NioProtocol - Starting ProtocolHandler ["http-nio-8089"]
2020-04-13 11:04:30.612 [main] INFO  o.s.boot.web.embedded.tomcat.TomcatWebServer - Tomcat started on port(s): 8089 (http) with context path '/springBootWeb'
2020-04-13 11:04:30.614 [main] INFO  c.s.s.SpringbootKuangshenApplication - Started SpringbootKuangshenApplication in 2.998 seconds (JVM running for 3.786)
2020-04-13 11:04:32.108 [http-nio-8089-exec-1] INFO  o.a.c.c.C.[Tomcat].[localhost].[/springBootWeb] - Initializing Spring DispatcherServlet 'dispatcherServlet'
2020-04-13 11:04:32.109 [http-nio-8089-exec-1] INFO  org.springframework.web.servlet.DispatcherServlet - Initializing Servlet 'dispatcherServlet'
2020-04-13 11:04:32.113 [http-nio-8089-exec-1] INFO  org.springframework.web.servlet.DispatcherServlet - Completed initialization in 4 ms
2020-04-13 11:06:14.106 [SpringContextShutdownHook] INFO  o.s.scheduling.concurrent.ThreadPoolTaskExecutor - Shutting down ExecutorService 'applicationTaskExecutor'
2020-04-13 11:06:17.128 [main] INFO  c.s.s.SpringbootKuangshenApplication - Starting SpringbootKuangshenApplication on sch with PID 13155 (/home/sch/project/untitled/springboot-kuangshen/target/classes started by sch in /home/sch/project/untitled/springboot-kuangshen)
2020-04-13 11:06:17.130 [main] INFO  c.s.s.SpringbootKuangshenApplication - No active profile set, falling back to default profiles: default
2020-04-13 11:06:17.722 [main] INFO  o.s.d.r.config.RepositoryConfigurationDelegate - Multiple Spring Data modules found, entering strict repository configuration mode!
2020-04-13 11:06:17.724 [main] INFO  o.s.d.r.config.RepositoryConfigurationDelegate - Bootstrapping Spring Data Redis repositories in DEFAULT mode.
2020-04-13 11:06:17.738 [main] INFO  o.s.d.r.config.RepositoryConfigurationDelegate - Finished Spring Data repository scanning in 4ms. Found 0 Redis repository interfaces.
2020-04-13 11:06:18.131 [main] INFO  o.s.boot.web.embedded.tomcat.TomcatWebServer - Tomcat initialized with port(s): 8089 (http)
2020-04-13 11:06:18.137 [main] INFO  org.apache.coyote.http11.Http11NioProtocol - Initializing ProtocolHandler ["http-nio-8089"]
2020-04-13 11:06:18.138 [main] INFO  org.apache.catalina.core.StandardService - Starting service [Tomcat]
2020-04-13 11:06:18.138 [main] INFO  org.apache.catalina.core.StandardEngine - Starting Servlet engine: [Apache Tomcat/9.0.33]
2020-04-13 11:06:18.191 [main] INFO  o.a.c.c.C.[Tomcat].[localhost].[/springBootWeb] - Initializing Spring embedded WebApplicationContext
2020-04-13 11:06:18.191 [main] INFO  org.springframework.web.context.ContextLoader - Root WebApplicationContext: initialization completed in 960 ms
2020-04-13 11:06:18.455 [main] INFO  o.s.scheduling.concurrent.ThreadPoolTaskExecutor - Initializing ExecutorService 'applicationTaskExecutor'
2020-04-13 11:06:18.559 [main] INFO  o.s.b.a.web.servlet.WelcomePageHandlerMapping - Adding welcome page template: index
2020-04-13 11:06:18.920 [main] INFO  org.apache.coyote.http11.Http11NioProtocol - Starting ProtocolHandler ["http-nio-8089"]
2020-04-13 11:06:18.932 [main] INFO  o.s.boot.web.embedded.tomcat.TomcatWebServer - Tomcat started on port(s): 8089 (http) with context path '/springBootWeb'
2020-04-13 11:06:18.935 [main] INFO  c.s.s.SpringbootKuangshenApplication - Started SpringbootKuangshenApplication in 2.272 seconds (JVM running for 2.718)
2020-04-13 11:06:23.625 [http-nio-8089-exec-1] INFO  o.a.c.c.C.[Tomcat].[localhost].[/springBootWeb] - Initializing Spring DispatcherServlet 'dispatcherServlet'
2020-04-13 11:06:23.625 [http-nio-8089-exec-1] INFO  org.springframework.web.servlet.DispatcherServlet - Initializing Servlet 'dispatcherServlet'
2020-04-13 11:06:23.631 [http-nio-8089-exec-1] INFO  org.springframework.web.servlet.DispatcherServlet - Completed initialization in 6 ms
2020-04-13 11:09:13.360 [SpringContextShutdownHook] INFO  o.s.scheduling.concurrent.ThreadPoolTaskExecutor - Shutting down ExecutorService 'applicationTaskExecutor'
2020-04-13 11:09:21.380 [main] INFO  c.s.s.SpringbootKuangshenApplication - Starting SpringbootKuangshenApplication on sch with PID 13470 (/home/sch/project/untitled/springboot-kuangshen/target/classes started by sch in /home/sch/project/untitled/springboot-kuangshen)
2020-04-13 11:09:21.382 [main] INFO  c.s.s.SpringbootKuangshenApplication - No active profile set, falling back to default profiles: default
2020-04-13 11:09:21.961 [main] INFO  o.s.d.r.config.RepositoryConfigurationDelegate - Multiple Spring Data modules found, entering strict repository configuration mode!
2020-04-13 11:09:21.962 [main] INFO  o.s.d.r.config.RepositoryConfigurationDelegate - Bootstrapping Spring Data Redis repositories in DEFAULT mode.
2020-04-13 11:09:21.977 [main] INFO  o.s.d.r.config.RepositoryConfigurationDelegate - Finished Spring Data repository scanning in 4ms. Found 0 Redis repository interfaces.
2020-04-13 11:09:22.367 [main] INFO  o.s.boot.web.embedded.tomcat.TomcatWebServer - Tomcat initialized with port(s): 8089 (http)
2020-04-13 11:09:22.373 [main] INFO  org.apache.coyote.http11.Http11NioProtocol - Initializing ProtocolHandler ["http-nio-8089"]
2020-04-13 11:09:22.374 [main] INFO  org.apache.catalina.core.StandardService - Starting service [Tomcat]
2020-04-13 11:09:22.374 [main] INFO  org.apache.catalina.core.StandardEngine - Starting Servlet engine: [Apache Tomcat/9.0.33]
2020-04-13 11:09:22.425 [main] INFO  o.a.c.c.C.[Tomcat].[localhost].[/springBootWeb] - Initializing Spring embedded WebApplicationContext
2020-04-13 11:09:22.425 [main] INFO  org.springframework.web.context.ContextLoader - Root WebApplicationContext: initialization completed in 947 ms
2020-04-13 11:09:22.677 [main] INFO  o.s.scheduling.concurrent.ThreadPoolTaskExecutor - Initializing ExecutorService 'applicationTaskExecutor'
2020-04-13 11:09:22.782 [main] INFO  o.s.b.a.web.servlet.WelcomePageHandlerMapping - Adding welcome page template: index
2020-04-13 11:09:23.138 [main] INFO  org.apache.coyote.http11.Http11NioProtocol - Starting ProtocolHandler ["http-nio-8089"]
2020-04-13 11:09:23.150 [main] INFO  o.s.boot.web.embedded.tomcat.TomcatWebServer - Tomcat started on port(s): 8089 (http) with context path '/springBootWeb'
2020-04-13 11:09:23.152 [main] INFO  c.s.s.SpringbootKuangshenApplication - Started SpringbootKuangshenApplication in 2.189 seconds (JVM running for 2.598)
2020-04-13 11:09:27.477 [http-nio-8089-exec-1] INFO  o.a.c.c.C.[Tomcat].[localhost].[/springBootWeb] - Initializing Spring DispatcherServlet 'dispatcherServlet'
2020-04-13 11:09:27.477 [http-nio-8089-exec-1] INFO  org.springframework.web.servlet.DispatcherServlet - Initializing Servlet 'dispatcherServlet'
2020-04-13 11:09:27.482 [http-nio-8089-exec-1] INFO  org.springframework.web.servlet.DispatcherServlet - Completed initialization in 5 ms
2020-04-13 11:10:28.904 [SpringContextShutdownHook] INFO  o.s.scheduling.concurrent.ThreadPoolTaskExecutor - Shutting down ExecutorService 'applicationTaskExecutor'
2020-04-13 11:10:32.940 [main] INFO  c.s.s.SpringbootKuangshenApplication - Starting SpringbootKuangshenApplication on sch with PID 13770 (/home/sch/project/untitled/springboot-kuangshen/target/classes started by sch in /home/sch/project/untitled/springboot-kuangshen)
2020-04-13 11:10:32.943 [main] INFO  c.s.s.SpringbootKuangshenApplication - No active profile set, falling back to default profiles: default
2020-04-13 11:10:33.517 [main] INFO  o.s.d.r.config.RepositoryConfigurationDelegate - Multiple Spring Data modules found, entering strict repository configuration mode!
2020-04-13 11:10:33.519 [main] INFO  o.s.d.r.config.RepositoryConfigurationDelegate - Bootstrapping Spring Data Redis repositories in DEFAULT mode.
2020-04-13 11:10:33.535 [main] INFO  o.s.d.r.config.RepositoryConfigurationDelegate - Finished Spring Data repository scanning in 5ms. Found 0 Redis repository interfaces.
2020-04-13 11:10:33.924 [main] INFO  o.s.boot.web.embedded.tomcat.TomcatWebServer - Tomcat initialized with port(s): 8089 (http)
2020-04-13 11:10:33.931 [main] INFO  org.apache.coyote.http11.Http11NioProtocol - Initializing ProtocolHandler ["http-nio-8089"]
2020-04-13 11:10:33.932 [main] INFO  org.apache.catalina.core.StandardService - Starting service [Tomcat]
2020-04-13 11:10:33.932 [main] INFO  org.apache.catalina.core.StandardEngine - Starting Servlet engine: [Apache Tomcat/9.0.33]
2020-04-13 11:10:33.985 [main] INFO  o.a.c.c.C.[Tomcat].[localhost].[/springBootWeb] - Initializing Spring embedded WebApplicationContext
2020-04-13 11:10:33.985 [main] INFO  org.springframework.web.context.ContextLoader - Root WebApplicationContext: initialization completed in 948 ms
2020-04-13 11:10:34.247 [main] INFO  o.s.scheduling.concurrent.ThreadPoolTaskExecutor - Initializing ExecutorService 'applicationTaskExecutor'
2020-04-13 11:10:34.350 [main] INFO  o.s.b.a.web.servlet.WelcomePageHandlerMapping - Adding welcome page template: index
2020-04-13 11:10:34.707 [main] INFO  org.apache.coyote.http11.Http11NioProtocol - Starting ProtocolHandler ["http-nio-8089"]
2020-04-13 11:10:34.720 [main] INFO  o.s.boot.web.embedded.tomcat.TomcatWebServer - Tomcat started on port(s): 8089 (http) with context path '/springBootWeb'
2020-04-13 11:10:34.722 [main] INFO  c.s.s.SpringbootKuangshenApplication - Started SpringbootKuangshenApplication in 2.28 seconds (JVM running for 2.727)
2020-04-13 11:10:38.801 [http-nio-8089-exec-1] INFO  o.a.c.c.C.[Tomcat].[localhost].[/springBootWeb] - Initializing Spring DispatcherServlet 'dispatcherServlet'
2020-04-13 11:10:38.802 [http-nio-8089-exec-1] INFO  org.springframework.web.servlet.DispatcherServlet - Initializing Servlet 'dispatcherServlet'
2020-04-13 11:10:38.807 [http-nio-8089-exec-1] INFO  org.springframework.web.servlet.DispatcherServlet - Completed initialization in 5 ms
2020-04-13 11:11:49.866 [SpringContextShutdownHook] INFO  o.s.scheduling.concurrent.ThreadPoolTaskExecutor - Shutting down ExecutorService 'applicationTaskExecutor'
2020-04-13 11:12:26.545 [main] INFO  c.s.s.SpringbootKuangshenApplication - Starting SpringbootKuangshenApplication on sch with PID 14375 (/home/sch/project/untitled/springboot-kuangshen/target/classes started by sch in /home/sch/project/untitled/springboot-kuangshen)
2020-04-13 11:12:26.548 [main] INFO  c.s.s.SpringbootKuangshenApplication - No active profile set, falling back to default profiles: default
2020-04-13 11:12:27.079 [main] INFO  o.s.d.r.config.RepositoryConfigurationDelegate - Multiple Spring Data modules found, entering strict repository configuration mode!
2020-04-13 11:12:27.081 [main] INFO  o.s.d.r.config.RepositoryConfigurationDelegate - Bootstrapping Spring Data Redis repositories in DEFAULT mode.
2020-04-13 11:12:27.094 [main] INFO  o.s.d.r.config.RepositoryConfigurationDelegate - Finished Spring Data repository scanning in 4ms. Found 0 Redis repository interfaces.
2020-04-13 11:12:27.463 [main] INFO  o.s.boot.web.embedded.tomcat.TomcatWebServer - Tomcat initialized with port(s): 8089 (http)
2020-04-13 11:12:27.470 [main] INFO  org.apache.coyote.http11.Http11NioProtocol - Initializing ProtocolHandler ["http-nio-8089"]
2020-04-13 11:12:27.471 [main] INFO  org.apache.catalina.core.StandardService - Starting service [Tomcat]
2020-04-13 11:12:27.471 [main] INFO  org.apache.catalina.core.StandardEngine - Starting Servlet engine: [Apache Tomcat/9.0.33]
2020-04-13 11:12:27.522 [main] INFO  o.a.c.c.C.[Tomcat].[localhost].[/springBootWeb] - Initializing Spring embedded WebApplicationContext
2020-04-13 11:12:27.522 [main] INFO  org.springframework.web.context.ContextLoader - Root WebApplicationContext: initialization completed in 883 ms
2020-04-13 11:12:27.788 [main] INFO  o.s.scheduling.concurrent.ThreadPoolTaskExecutor - Initializing ExecutorService 'applicationTaskExecutor'
2020-04-13 11:12:27.891 [main] INFO  o.s.b.a.web.servlet.WelcomePageHandlerMapping - Adding welcome page template: index
2020-04-13 11:12:28.252 [main] INFO  org.apache.coyote.http11.Http11NioProtocol - Starting ProtocolHandler ["http-nio-8089"]
2020-04-13 11:12:28.264 [main] INFO  o.s.boot.web.embedded.tomcat.TomcatWebServer - Tomcat started on port(s): 8089 (http) with context path '/springBootWeb'
2020-04-13 11:12:28.266 [main] INFO  c.s.s.SpringbootKuangshenApplication - Started SpringbootKuangshenApplication in 2.176 seconds (JVM running for 2.629)
2020-04-13 11:12:28.576 [http-nio-8089-exec-1] INFO  o.a.c.c.C.[Tomcat].[localhost].[/springBootWeb] - Initializing Spring DispatcherServlet 'dispatcherServlet'
2020-04-13 11:12:28.576 [http-nio-8089-exec-1] INFO  org.springframework.web.servlet.DispatcherServlet - Initializing Servlet 'dispatcherServlet'
2020-04-13 11:12:28.582 [http-nio-8089-exec-1] INFO  org.springframework.web.servlet.DispatcherServlet - Completed initialization in 6 ms
2020-04-13 11:16:17.401 [SpringContextShutdownHook] INFO  o.s.scheduling.concurrent.ThreadPoolTaskExecutor - Shutting down ExecutorService 'applicationTaskExecutor'
2020-04-13 11:16:22.099 [main] INFO  c.s.s.SpringbootKuangshenApplication - Starting SpringbootKuangshenApplication on sch with PID 14677 (/home/sch/project/untitled/springboot-kuangshen/target/classes started by sch in /home/sch/project/untitled/springboot-kuangshen)
2020-04-13 11:16:22.101 [main] INFO  c.s.s.SpringbootKuangshenApplication - No active profile set, falling back to default profiles: default
2020-04-13 11:16:22.742 [main] INFO  o.s.d.r.config.RepositoryConfigurationDelegate - Multiple Spring Data modules found, entering strict repository configuration mode!
2020-04-13 11:16:22.743 [main] INFO  o.s.d.r.config.RepositoryConfigurationDelegate - Bootstrapping Spring Data Redis repositories in DEFAULT mode.
2020-04-13 11:16:22.759 [main] INFO  o.s.d.r.config.RepositoryConfigurationDelegate - Finished Spring Data repository scanning in 4ms. Found 0 Redis repository interfaces.
2020-04-13 11:16:23.164 [main] INFO  o.s.boot.web.embedded.tomcat.TomcatWebServer - Tomcat initialized with port(s): 8089 (http)
2020-04-13 11:16:23.170 [main] INFO  org.apache.coyote.http11.Http11NioProtocol - Initializing ProtocolHandler ["http-nio-8089"]
2020-04-13 11:16:23.171 [main] INFO  org.apache.catalina.core.StandardService - Starting service [Tomcat]
2020-04-13 11:16:23.171 [main] INFO  org.apache.catalina.core.StandardEngine - Starting Servlet engine: [Apache Tomcat/9.0.33]
2020-04-13 11:16:23.228 [main] INFO  o.a.c.c.C.[Tomcat].[localhost].[/springBootWeb] - Initializing Spring embedded WebApplicationContext
2020-04-13 11:16:23.228 [main] INFO  org.springframework.web.context.ContextLoader - Root WebApplicationContext: initialization completed in 1011 ms
2020-04-13 11:16:23.505 [main] INFO  o.s.scheduling.concurrent.ThreadPoolTaskExecutor - Initializing ExecutorService 'applicationTaskExecutor'
2020-04-13 11:16:24.001 [main] INFO  org.apache.coyote.http11.Http11NioProtocol - Starting ProtocolHandler ["http-nio-8089"]
2020-04-13 11:16:24.013 [main] INFO  o.s.boot.web.embedded.tomcat.TomcatWebServer - Tomcat started on port(s): 8089 (http) with context path '/springBootWeb'
2020-04-13 11:16:24.016 [main] INFO  c.s.s.SpringbootKuangshenApplication - Started SpringbootKuangshenApplication in 2.365 seconds (JVM running for 2.891)
2020-04-13 11:16:28.535 [http-nio-8089-exec-1] INFO  o.a.c.c.C.[Tomcat].[localhost].[/springBootWeb] - Initializing Spring DispatcherServlet 'dispatcherServlet'
2020-04-13 11:16:28.535 [http-nio-8089-exec-1] INFO  org.springframework.web.servlet.DispatcherServlet - Initializing Servlet 'dispatcherServlet'
2020-04-13 11:16:28.540 [http-nio-8089-exec-1] INFO  org.springframework.web.servlet.DispatcherServlet - Completed initialization in 4 ms
2020-04-13 11:16:52.271 [SpringContextShutdownHook] INFO  o.s.scheduling.concurrent.ThreadPoolTaskExecutor - Shutting down ExecutorService 'applicationTaskExecutor'
2020-04-13 11:16:55.098 [main] INFO  c.s.s.SpringbootKuangshenApplication - Starting SpringbootKuangshenApplication on sch with PID 14878 (/home/sch/project/untitled/springboot-kuangshen/target/classes started by sch in /home/sch/project/untitled/springboot-kuangshen)
2020-04-13 11:16:55.101 [main] INFO  c.s.s.SpringbootKuangshenApplication - No active profile set, falling back to default profiles: default
2020-04-13 11:16:55.672 [main] INFO  o.s.d.r.config.RepositoryConfigurationDelegate - Multiple Spring Data modules found, entering strict repository configuration mode!
2020-04-13 11:16:55.674 [main] INFO  o.s.d.r.config.RepositoryConfigurationDelegate - Bootstrapping Spring Data Redis repositories in DEFAULT mode.
2020-04-13 11:16:55.689 [main] INFO  o.s.d.r.config.RepositoryConfigurationDelegate - Finished Spring Data repository scanning in 5ms. Found 0 Redis repository interfaces.
2020-04-13 11:16:56.083 [main] INFO  o.s.boot.web.embedded.tomcat.TomcatWebServer - Tomcat initialized with port(s): 8089 (http)
2020-04-13 11:16:56.090 [main] INFO  org.apache.coyote.http11.Http11NioProtocol - Initializing ProtocolHandler ["http-nio-8089"]
2020-04-13 11:16:56.091 [main] INFO  org.apache.catalina.core.StandardService - Starting service [Tomcat]
2020-04-13 11:16:56.091 [main] INFO  org.apache.catalina.core.StandardEngine - Starting Servlet engine: [Apache Tomcat/9.0.33]
2020-04-13 11:16:56.145 [main] INFO  o.a.c.c.C.[Tomcat].[localhost].[/springBootWeb] - Initializing Spring embedded WebApplicationContext
2020-04-13 11:16:56.145 [main] INFO  org.springframework.web.context.ContextLoader - Root WebApplicationContext: initialization completed in 946 ms
2020-04-13 11:16:56.410 [main] INFO  o.s.scheduling.concurrent.ThreadPoolTaskExecutor - Initializing ExecutorService 'applicationTaskExecutor'
2020-04-13 11:16:56.515 [main] INFO  o.s.b.a.web.servlet.WelcomePageHandlerMapping - Adding welcome page: class path resource [static/index.html]
2020-04-13 11:16:56.878 [main] INFO  org.apache.coyote.http11.Http11NioProtocol - Starting ProtocolHandler ["http-nio-8089"]
2020-04-13 11:16:56.892 [main] INFO  o.s.boot.web.embedded.tomcat.TomcatWebServer - Tomcat started on port(s): 8089 (http) with context path '/springBootWeb'
2020-04-13 11:16:56.894 [main] INFO  c.s.s.SpringbootKuangshenApplication - Started SpringbootKuangshenApplication in 2.205 seconds (JVM running for 2.677)
2020-04-13 11:17:05.018 [http-nio-8089-exec-1] INFO  o.a.c.c.C.[Tomcat].[localhost].[/springBootWeb] - Initializing Spring DispatcherServlet 'dispatcherServlet'
2020-04-13 11:17:05.019 [http-nio-8089-exec-1] INFO  org.springframework.web.servlet.DispatcherServlet - Initializing Servlet 'dispatcherServlet'
2020-04-13 11:17:05.025 [http-nio-8089-exec-1] INFO  org.springframework.web.servlet.DispatcherServlet - Completed initialization in 6 ms
2020-04-13 11:17:29.799 [SpringContextShutdownHook] INFO  o.s.scheduling.concurrent.ThreadPoolTaskExecutor - Shutting down ExecutorService 'applicationTaskExecutor'
2020-04-13 11:17:54.151 [main] INFO  c.s.s.SpringbootKuangshenApplication - Starting SpringbootKuangshenApplication on sch with PID 15124 (/home/sch/project/untitled/springboot-kuangshen/target/classes started by sch in /home/sch/project/untitled/springboot-kuangshen)
2020-04-13 11:17:54.153 [main] INFO  c.s.s.SpringbootKuangshenApplication - No active profile set, falling back to default profiles: default
2020-04-13 11:17:54.775 [main] INFO  o.s.d.r.config.RepositoryConfigurationDelegate - Multiple Spring Data modules found, entering strict repository configuration mode!
2020-04-13 11:17:54.777 [main] INFO  o.s.d.r.config.RepositoryConfigurationDelegate - Bootstrapping Spring Data Redis repositories in DEFAULT mode.
2020-04-13 11:17:54.793 [main] INFO  o.s.d.r.config.RepositoryConfigurationDelegate - Finished Spring Data repository scanning in 4ms. Found 0 Redis repository interfaces.
2020-04-13 11:17:55.184 [main] INFO  o.s.boot.web.embedded.tomcat.TomcatWebServer - Tomcat initialized with port(s): 8089 (http)
2020-04-13 11:17:55.191 [main] INFO  org.apache.coyote.http11.Http11NioProtocol - Initializing ProtocolHandler ["http-nio-8089"]
2020-04-13 11:17:55.192 [main] INFO  org.apache.catalina.core.StandardService - Starting service [Tomcat]
2020-04-13 11:17:55.192 [main] INFO  org.apache.catalina.core.StandardEngine - Starting Servlet engine: [Apache Tomcat/9.0.33]
2020-04-13 11:17:55.245 [main] INFO  o.a.c.c.C.[Tomcat].[localhost].[/springBootWeb] - Initializing Spring embedded WebApplicationContext
2020-04-13 11:17:55.245 [main] INFO  org.springframework.web.context.ContextLoader - Root WebApplicationContext: initialization completed in 986 ms
2020-04-13 11:17:55.507 [main] INFO  o.s.scheduling.concurrent.ThreadPoolTaskExecutor - Initializing ExecutorService 'applicationTaskExecutor'
2020-04-13 11:17:55.623 [main] INFO  o.s.b.a.web.servlet.WelcomePageHandlerMapping - Adding welcome page: class path resource [static/index.html]
2020-04-13 11:17:56.000 [main] INFO  org.apache.coyote.http11.Http11NioProtocol - Starting ProtocolHandler ["http-nio-8089"]
2020-04-13 11:17:56.013 [main] INFO  o.s.boot.web.embedded.tomcat.TomcatWebServer - Tomcat started on port(s): 8089 (http) with context path '/springBootWeb'
2020-04-13 11:17:56.015 [main] INFO  c.s.s.SpringbootKuangshenApplication - Started SpringbootKuangshenApplication in 2.293 seconds (JVM running for 2.723)
2020-04-13 11:18:01.202 [http-nio-8089-exec-1] INFO  o.a.c.c.C.[Tomcat].[localhost].[/springBootWeb] - Initializing Spring DispatcherServlet 'dispatcherServlet'
2020-04-13 11:18:01.203 [http-nio-8089-exec-1] INFO  org.springframework.web.servlet.DispatcherServlet - Initializing Servlet 'dispatcherServlet'
2020-04-13 11:18:01.209 [http-nio-8089-exec-1] INFO  org.springframework.web.servlet.DispatcherServlet - Completed initialization in 6 ms
2020-04-13 11:19:07.881 [SpringContextShutdownHook] INFO  o.s.scheduling.concurrent.ThreadPoolTaskExecutor - Shutting down ExecutorService 'applicationTaskExecutor'
2020-04-13 11:19:10.410 [main] INFO  c.s.s.SpringbootKuangshenApplication - Starting SpringbootKuangshenApplication on sch with PID 15362 (/home/sch/project/untitled/springboot-kuangshen/target/classes started by sch in /home/sch/project/untitled/springboot-kuangshen)
2020-04-13 11:19:10.412 [main] INFO  c.s.s.SpringbootKuangshenApplication - No active profile set, falling back to default profiles: default
2020-04-13 11:19:10.971 [main] INFO  o.s.d.r.config.RepositoryConfigurationDelegate - Multiple Spring Data modules found, entering strict repository configuration mode!
2020-04-13 11:19:10.973 [main] INFO  o.s.d.r.config.RepositoryConfigurationDelegate - Bootstrapping Spring Data Redis repositories in DEFAULT mode.
2020-04-13 11:19:10.987 [main] INFO  o.s.d.r.config.RepositoryConfigurationDelegate - Finished Spring Data repository scanning in 4ms. Found 0 Redis repository interfaces.
2020-04-13 11:19:11.361 [main] INFO  o.s.boot.web.embedded.tomcat.TomcatWebServer - Tomcat initialized with port(s): 8089 (http)
2020-04-13 11:19:11.368 [main] INFO  org.apache.coyote.http11.Http11NioProtocol - Initializing ProtocolHandler ["http-nio-8089"]
2020-04-13 11:19:11.368 [main] INFO  org.apache.catalina.core.StandardService - Starting service [Tomcat]
2020-04-13 11:19:11.369 [main] INFO  org.apache.catalina.core.StandardEngine - Starting Servlet engine: [Apache Tomcat/9.0.33]
2020-04-13 11:19:11.421 [main] INFO  o.a.c.c.C.[Tomcat].[localhost].[/springBootWeb] - Initializing Spring embedded WebApplicationContext
2020-04-13 11:19:11.421 [main] INFO  org.springframework.web.context.ContextLoader - Root WebApplicationContext: initialization completed in 925 ms
2020-04-13 11:19:11.682 [main] INFO  o.s.scheduling.concurrent.ThreadPoolTaskExecutor - Initializing ExecutorService 'applicationTaskExecutor'
2020-04-13 11:19:11.787 [main] INFO  o.s.b.a.web.servlet.WelcomePageHandlerMapping - Adding welcome page: class path resource [static/index.html]
2020-04-13 11:19:12.176 [main] INFO  org.apache.coyote.http11.Http11NioProtocol - Starting ProtocolHandler ["http-nio-8089"]
2020-04-13 11:19:12.189 [main] INFO  o.s.boot.web.embedded.tomcat.TomcatWebServer - Tomcat started on port(s): 8089 (http) with context path '/springBootWeb'
2020-04-13 11:19:12.191 [main] INFO  c.s.s.SpringbootKuangshenApplication - Started SpringbootKuangshenApplication in 2.234 seconds (JVM running for 2.715)
2020-04-13 11:19:13.198 [http-nio-8089-exec-1] INFO  o.a.c.c.C.[Tomcat].[localhost].[/springBootWeb] - Initializing Spring DispatcherServlet 'dispatcherServlet'
2020-04-13 11:19:13.199 [http-nio-8089-exec-1] INFO  org.springframework.web.servlet.DispatcherServlet - Initializing Servlet 'dispatcherServlet'
2020-04-13 11:19:13.204 [http-nio-8089-exec-1] INFO  org.springframework.web.servlet.DispatcherServlet - Completed initialization in 5 ms
2020-04-13 11:20:20.472 [SpringContextShutdownHook] INFO  o.s.scheduling.concurrent.ThreadPoolTaskExecutor - Shutting down ExecutorService 'applicationTaskExecutor'
2020-04-13 11:20:23.123 [main] INFO  c.s.s.SpringbootKuangshenApplication - Starting SpringbootKuangshenApplication on sch with PID 15586 (/home/sch/project/untitled/springboot-kuangshen/target/classes started by sch in /home/sch/project/untitled/springboot-kuangshen)
2020-04-13 11:20:23.126 [main] INFO  c.s.s.SpringbootKuangshenApplication - No active profile set, falling back to default profiles: default
2020-04-13 11:20:23.723 [main] INFO  o.s.d.r.config.RepositoryConfigurationDelegate - Multiple Spring Data modules found, entering strict repository configuration mode!
2020-04-13 11:20:23.725 [main] INFO  o.s.d.r.config.RepositoryConfigurationDelegate - Bootstrapping Spring Data Redis repositories in DEFAULT mode.
2020-04-13 11:20:23.739 [main] INFO  o.s.d.r.config.RepositoryConfigurationDelegate - Finished Spring Data repository scanning in 4ms. Found 0 Redis repository interfaces.
2020-04-13 11:20:24.118 [main] INFO  o.s.boot.web.embedded.tomcat.TomcatWebServer - Tomcat initialized with port(s): 8089 (http)
2020-04-13 11:20:24.124 [main] INFO  org.apache.coyote.http11.Http11NioProtocol - Initializing ProtocolHandler ["http-nio-8089"]
2020-04-13 11:20:24.125 [main] INFO  org.apache.catalina.core.StandardService - Starting service [Tomcat]
2020-04-13 11:20:24.125 [main] INFO  org.apache.catalina.core.StandardEngine - Starting Servlet engine: [Apache Tomcat/9.0.33]
2020-04-13 11:20:24.176 [main] INFO  o.a.c.c.C.[Tomcat].[localhost].[/springBootWeb] - Initializing Spring embedded WebApplicationContext
2020-04-13 11:20:24.177 [main] INFO  org.springframework.web.context.ContextLoader - Root WebApplicationContext: initialization completed in 923 ms
2020-04-13 11:20:24.434 [main] INFO  o.s.scheduling.concurrent.ThreadPoolTaskExecutor - Initializing ExecutorService 'applicationTaskExecutor'
2020-04-13 11:20:24.542 [main] INFO  o.s.b.a.web.servlet.WelcomePageHandlerMapping - Adding welcome page template: index
2020-04-13 11:20:24.904 [main] INFO  org.apache.coyote.http11.Http11NioProtocol - Starting ProtocolHandler ["http-nio-8089"]
2020-04-13 11:20:24.917 [main] INFO  o.s.boot.web.embedded.tomcat.TomcatWebServer - Tomcat started on port(s): 8089 (http) with context path '/springBootWeb'
2020-04-13 11:20:24.919 [main] INFO  c.s.s.SpringbootKuangshenApplication - Started SpringbootKuangshenApplication in 2.284 seconds (JVM running for 2.759)
2020-04-13 11:20:27.648 [http-nio-8089-exec-1] INFO  o.a.c.c.C.[Tomcat].[localhost].[/springBootWeb] - Initializing Spring DispatcherServlet 'dispatcherServlet'
2020-04-13 11:20:27.649 [http-nio-8089-exec-1] INFO  org.springframework.web.servlet.DispatcherServlet - Initializing Servlet 'dispatcherServlet'
2020-04-13 11:20:27.658 [http-nio-8089-exec-1] INFO  org.springframework.web.servlet.DispatcherServlet - Completed initialization in 7 ms
2020-04-13 11:22:33.268 [SpringContextShutdownHook] INFO  o.s.scheduling.concurrent.ThreadPoolTaskExecutor - Shutting down ExecutorService 'applicationTaskExecutor'
2020-04-13 11:22:35.771 [main] INFO  c.s.s.SpringbootKuangshenApplication - Starting SpringbootKuangshenApplication on sch with PID 15793 (/home/sch/project/untitled/springboot-kuangshen/target/classes started by sch in /home/sch/project/untitled/springboot-kuangshen)
2020-04-13 11:22:35.778 [main] INFO  c.s.s.SpringbootKuangshenApplication - No active profile set, falling back to default profiles: default
2020-04-13 11:22:36.310 [main] INFO  o.s.d.r.config.RepositoryConfigurationDelegate - Multiple Spring Data modules found, entering strict repository configuration mode!
2020-04-13 11:22:36.312 [main] INFO  o.s.d.r.config.RepositoryConfigurationDelegate - Bootstrapping Spring Data Redis repositories in DEFAULT mode.
2020-04-13 11:22:36.327 [main] INFO  o.s.d.r.config.RepositoryConfigurationDelegate - Finished Spring Data repository scanning in 4ms. Found 0 Redis repository interfaces.
2020-04-13 11:22:36.699 [main] INFO  o.s.boot.web.embedded.tomcat.TomcatWebServer - Tomcat initialized with port(s): 8089 (http)
2020-04-13 11:22:36.706 [main] INFO  org.apache.coyote.http11.Http11NioProtocol - Initializing ProtocolHandler ["http-nio-8089"]
2020-04-13 11:22:36.707 [main] INFO  org.apache.catalina.core.StandardService - Starting service [Tomcat]
2020-04-13 11:22:36.707 [main] INFO  org.apache.catalina.core.StandardEngine - Starting Servlet engine: [Apache Tomcat/9.0.33]
2020-04-13 11:22:36.760 [main] INFO  o.a.c.c.C.[Tomcat].[localhost].[/springBootWeb] - Initializing Spring embedded WebApplicationContext
2020-04-13 11:22:36.760 [main] INFO  org.springframework.web.context.ContextLoader - Root WebApplicationContext: initialization completed in 882 ms
2020-04-13 11:22:37.021 [main] INFO  o.s.scheduling.concurrent.ThreadPoolTaskExecutor - Initializing ExecutorService 'applicationTaskExecutor'
2020-04-13 11:22:37.128 [main] INFO  o.s.b.a.web.servlet.WelcomePageHandlerMapping - Adding welcome page template: index
2020-04-13 11:22:37.499 [main] INFO  org.apache.coyote.http11.Http11NioProtocol - Starting ProtocolHandler ["http-nio-8089"]
2020-04-13 11:22:37.512 [main] INFO  o.s.boot.web.embedded.tomcat.TomcatWebServer - Tomcat started on port(s): 8089 (http) with context path '/springBootWeb'
2020-04-13 11:22:37.514 [main] INFO  c.s.s.SpringbootKuangshenApplication - Started SpringbootKuangshenApplication in 2.235 seconds (JVM running for 2.734)
2020-04-13 11:22:40.865 [http-nio-8089-exec-1] INFO  o.a.c.c.C.[Tomcat].[localhost].[/springBootWeb] - Initializing Spring DispatcherServlet 'dispatcherServlet'
2020-04-13 11:22:40.865 [http-nio-8089-exec-1] INFO  org.springframework.web.servlet.DispatcherServlet - Initializing Servlet 'dispatcherServlet'
2020-04-13 11:22:40.874 [http-nio-8089-exec-1] INFO  org.springframework.web.servlet.DispatcherServlet - Completed initialization in 8 ms
2020-04-13 13:51:50.982 [SpringContextShutdownHook] INFO  o.s.scheduling.concurrent.ThreadPoolTaskExecutor - Shutting down ExecutorService 'applicationTaskExecutor'
2020-04-13 13:54:56.222 [main] INFO  c.s.s.SpringbootKuangshenApplication - Starting SpringbootKuangshenApplication on sch with PID 24150 (/home/sch/project/untitled/springboot-kuangshen/target/classes started by sch in /home/sch/project/untitled/springboot-kuangshen)
2020-04-13 13:54:56.224 [main] INFO  c.s.s.SpringbootKuangshenApplication - No active profile set, falling back to default profiles: default
2020-04-13 13:54:56.819 [main] INFO  o.s.d.r.config.RepositoryConfigurationDelegate - Multiple Spring Data modules found, entering strict repository configuration mode!
2020-04-13 13:54:56.820 [main] INFO  o.s.d.r.config.RepositoryConfigurationDelegate - Bootstrapping Spring Data Redis repositories in DEFAULT mode.
2020-04-13 13:54:56.836 [main] INFO  o.s.d.r.config.RepositoryConfigurationDelegate - Finished Spring Data repository scanning in 5ms. Found 0 Redis repository interfaces.
2020-04-13 13:54:57.255 [main] INFO  o.s.boot.web.embedded.tomcat.TomcatWebServer - Tomcat initialized with port(s): 8089 (http)
2020-04-13 13:54:57.263 [main] INFO  org.apache.coyote.http11.Http11NioProtocol - Initializing ProtocolHandler ["http-nio-8089"]
2020-04-13 13:54:57.263 [main] INFO  org.apache.catalina.core.StandardService - Starting service [Tomcat]
2020-04-13 13:54:57.264 [main] INFO  org.apache.catalina.core.StandardEngine - Starting Servlet engine: [Apache Tomcat/9.0.33]
2020-04-13 13:54:57.323 [main] INFO  o.a.c.c.C.[Tomcat].[localhost].[/springBootWeb] - Initializing Spring embedded WebApplicationContext
2020-04-13 13:54:57.323 [main] INFO  org.springframework.web.context.ContextLoader - Root WebApplicationContext: initialization completed in 981 ms
2020-04-13 13:54:57.597 [main] INFO  o.s.scheduling.concurrent.ThreadPoolTaskExecutor - Initializing ExecutorService 'applicationTaskExecutor'
2020-04-13 13:54:57.706 [main] INFO  o.s.b.a.web.servlet.WelcomePageHandlerMapping - Adding welcome page template: index
2020-04-13 13:54:58.093 [main] INFO  org.apache.coyote.http11.Http11NioProtocol - Starting ProtocolHandler ["http-nio-8089"]
2020-04-13 13:54:58.106 [main] INFO  o.s.boot.web.embedded.tomcat.TomcatWebServer - Tomcat started on port(s): 8089 (http) with context path '/springBootWeb'
2020-04-13 13:54:58.108 [main] INFO  c.s.s.SpringbootKuangshenApplication - Started SpringbootKuangshenApplication in 2.553 seconds (JVM running for 3.013)
2020-04-13 13:55:05.534 [http-nio-8089-exec-2] INFO  o.a.c.c.C.[Tomcat].[localhost].[/springBootWeb] - Initializing Spring DispatcherServlet 'dispatcherServlet'
2020-04-13 13:55:05.534 [http-nio-8089-exec-2] INFO  org.springframework.web.servlet.DispatcherServlet - Initializing Servlet 'dispatcherServlet'
2020-04-13 13:55:05.540 [http-nio-8089-exec-2] INFO  org.springframework.web.servlet.DispatcherServlet - Completed initialization in 6 ms
2020-04-13 13:55:10.333 [SpringContextShutdownHook] INFO  o.s.scheduling.concurrent.ThreadPoolTaskExecutor - Shutting down ExecutorService 'applicationTaskExecutor'
2020-04-13 15:08:23.286 [main] INFO  c.s.s.SpringbootKuangshenApplication - Starting SpringbootKuangshenApplication on sch with PID 9554 (/home/sch/project/untitled/springboot-kuangshen/target/classes started by sch in /home/sch/project/untitled/springboot-kuangshen)
2020-04-13 15:08:23.289 [main] INFO  c.s.s.SpringbootKuangshenApplication - No active profile set, falling back to default profiles: default
2020-04-13 15:08:23.978 [main] INFO  o.s.d.r.config.RepositoryConfigurationDelegate - Multiple Spring Data modules found, entering strict repository configuration mode!
2020-04-13 15:08:23.979 [main] INFO  o.s.d.r.config.RepositoryConfigurationDelegate - Bootstrapping Spring Data Redis repositories in DEFAULT mode.
2020-04-13 15:08:23.996 [main] INFO  o.s.d.r.config.RepositoryConfigurationDelegate - Finished Spring Data repository scanning in 6ms. Found 0 Redis repository interfaces.
2020-04-13 15:08:24.402 [main] INFO  o.s.boot.web.embedded.tomcat.TomcatWebServer - Tomcat initialized with port(s): 8089 (http)
2020-04-13 15:08:24.409 [main] INFO  org.apache.coyote.http11.Http11NioProtocol - Initializing ProtocolHandler ["http-nio-8089"]
2020-04-13 15:08:24.409 [main] INFO  org.apache.catalina.core.StandardService - Starting service [Tomcat]
2020-04-13 15:08:24.410 [main] INFO  org.apache.catalina.core.StandardEngine - Starting Servlet engine: [Apache Tomcat/9.0.33]
2020-04-13 15:08:24.462 [main] INFO  o.a.c.c.C.[Tomcat].[localhost].[/springBootWeb] - Initializing Spring embedded WebApplicationContext
2020-04-13 15:08:24.462 [main] INFO  org.springframework.web.context.ContextLoader - Root WebApplicationContext: initialization completed in 1077 ms
2020-04-13 15:08:24.732 [main] INFO  o.s.scheduling.concurrent.ThreadPoolTaskExecutor - Initializing ExecutorService 'applicationTaskExecutor'
2020-04-13 15:08:24.850 [main] INFO  o.s.b.a.web.servlet.WelcomePageHandlerMapping - Adding welcome page template: index
2020-04-13 15:08:25.240 [main] INFO  org.apache.coyote.http11.Http11NioProtocol - Starting ProtocolHandler ["http-nio-8089"]
2020-04-13 15:08:25.253 [main] INFO  o.s.boot.web.embedded.tomcat.TomcatWebServer - Tomcat started on port(s): 8089 (http) with context path '/springBootWeb'
2020-04-13 15:08:25.256 [main] INFO  c.s.s.SpringbootKuangshenApplication - Started SpringbootKuangshenApplication in 2.479 seconds (JVM running for 2.935)
2020-04-13 15:08:30.658 [http-nio-8089-exec-1] INFO  o.a.c.c.C.[Tomcat].[localhost].[/springBootWeb] - Initializing Spring DispatcherServlet 'dispatcherServlet'
2020-04-13 15:08:30.659 [http-nio-8089-exec-1] INFO  org.springframework.web.servlet.DispatcherServlet - Initializing Servlet 'dispatcherServlet'
2020-04-13 15:08:30.663 [http-nio-8089-exec-1] INFO  org.springframework.web.servlet.DispatcherServlet - Completed initialization in 4 ms
2020-04-13 15:08:39.230 [SpringContextShutdownHook] INFO  o.s.scheduling.concurrent.ThreadPoolTaskExecutor - Shutting down ExecutorService 'applicationTaskExecutor'
2020-04-13 17:02:18.158 [main] INFO  c.s.s.SpringbootKuangshenApplication - Starting SpringbootKuangshenApplication on sch with PID 3617 (/home/sch/project/untitled/springboot-kuangshen/target/classes started by sch in /home/sch/project/untitled/springboot-kuangshen)
2020-04-13 17:02:18.161 [main] INFO  c.s.s.SpringbootKuangshenApplication - No active profile set, falling back to default profiles: default
2020-04-13 17:02:18.742 [main] INFO  o.s.d.r.config.RepositoryConfigurationDelegate - Multiple Spring Data modules found, entering strict repository configuration mode!
2020-04-13 17:02:18.744 [main] INFO  o.s.d.r.config.RepositoryConfigurationDelegate - Bootstrapping Spring Data Redis repositories in DEFAULT mode.
2020-04-13 17:02:18.760 [main] INFO  o.s.d.r.config.RepositoryConfigurationDelegate - Finished Spring Data repository scanning in 5ms. Found 0 Redis repository interfaces.
2020-04-13 17:02:19.151 [main] INFO  o.s.boot.web.embedded.tomcat.TomcatWebServer - Tomcat initialized with port(s): 8089 (http)
2020-04-13 17:02:19.158 [main] INFO  org.apache.coyote.http11.Http11NioProtocol - Initializing ProtocolHandler ["http-nio-8089"]
2020-04-13 17:02:19.159 [main] INFO  org.apache.catalina.core.StandardService - Starting service [Tomcat]
2020-04-13 17:02:19.159 [main] INFO  org.apache.catalina.core.StandardEngine - Starting Servlet engine: [Apache Tomcat/9.0.33]
2020-04-13 17:02:19.210 [main] INFO  o.a.c.c.C.[Tomcat].[localhost].[/springBootWeb] - Initializing Spring embedded WebApplicationContext
2020-04-13 17:02:19.211 [main] INFO  org.springframework.web.context.ContextLoader - Root WebApplicationContext: initialization completed in 969 ms
2020-04-13 17:02:19.472 [main] INFO  o.s.scheduling.concurrent.ThreadPoolTaskExecutor - Initializing ExecutorService 'applicationTaskExecutor'
2020-04-13 17:02:19.578 [main] INFO  o.s.b.a.web.servlet.WelcomePageHandlerMapping - Adding welcome page template: index
2020-04-13 17:02:19.945 [main] INFO  org.apache.coyote.http11.Http11NioProtocol - Starting ProtocolHandler ["http-nio-8089"]
2020-04-13 17:02:19.958 [main] INFO  o.s.boot.web.embedded.tomcat.TomcatWebServer - Tomcat started on port(s): 8089 (http) with context path '/springBootWeb'
2020-04-13 17:02:19.960 [main] INFO  c.s.s.SpringbootKuangshenApplication - Started SpringbootKuangshenApplication in 2.263 seconds (JVM running for 2.668)
2020-04-13 17:02:24.789 [SpringContextShutdownHook] INFO  o.s.scheduling.concurrent.ThreadPoolTaskExecutor - Shutting down ExecutorService 'applicationTaskExecutor'
2020-04-13 17:03:03.468 [main] INFO  c.s.s.SpringbootKuangshenApplicationTests - Starting SpringbootKuangshenApplicationTests on sch with PID 3767 (started by sch in /home/sch/project/untitled/springboot-kuangshen)
2020-04-13 17:03:03.470 [main] INFO  c.s.s.SpringbootKuangshenApplicationTests - No active profile set, falling back to default profiles: default
2020-04-13 17:03:04.118 [main] INFO  o.s.d.r.config.RepositoryConfigurationDelegate - Multiple Spring Data modules found, entering strict repository configuration mode!
2020-04-13 17:03:04.120 [main] INFO  o.s.d.r.config.RepositoryConfigurationDelegate - Bootstrapping Spring Data Redis repositories in DEFAULT mode.
2020-04-13 17:03:04.140 [main] INFO  o.s.d.r.config.RepositoryConfigurationDelegate - Finished Spring Data repository scanning in 6ms. Found 0 Redis repository interfaces.
2020-04-13 17:03:05.214 [main] INFO  o.s.scheduling.concurrent.ThreadPoolTaskExecutor - Initializing ExecutorService 'applicationTaskExecutor'
2020-04-13 17:03:05.308 [main] INFO  o.s.b.a.web.servlet.WelcomePageHandlerMapping - Adding welcome page template: index
2020-04-13 17:03:06.015 [main] INFO  c.s.s.SpringbootKuangshenApplicationTests - Started SpringbootKuangshenApplicationTests in 3.307 seconds (JVM running for 4.5)
2020-04-13 17:03:06.208 [SpringContextShutdownHook] INFO  o.s.scheduling.concurrent.ThreadPoolTaskExecutor - Shutting down ExecutorService 'applicationTaskExecutor'
2020-04-13 17:03:28.864 [main] INFO  c.s.s.SpringbootKuangshenApplicationTests - Starting SpringbootKuangshenApplicationTests on sch with PID 3967 (started by sch in /home/sch/project/untitled/springboot-kuangshen)
2020-04-13 17:03:28.866 [main] INFO  c.s.s.SpringbootKuangshenApplicationTests - No active profile set, falling back to default profiles: default
2020-04-13 17:03:29.469 [main] INFO  o.s.d.r.config.RepositoryConfigurationDelegate - Multiple Spring Data modules found, entering strict repository configuration mode!
2020-04-13 17:03:29.472 [main] INFO  o.s.d.r.config.RepositoryConfigurationDelegate - Bootstrapping Spring Data Redis repositories in DEFAULT mode.
2020-04-13 17:03:29.494 [main] INFO  o.s.d.r.config.RepositoryConfigurationDelegate - Finished Spring Data repository scanning in 7ms. Found 0 Redis repository interfaces.
2020-04-13 17:03:30.557 [main] INFO  o.s.scheduling.concurrent.ThreadPoolTaskExecutor - Initializing ExecutorService 'applicationTaskExecutor'
2020-04-13 17:03:30.657 [main] INFO  o.s.b.a.web.servlet.WelcomePageHandlerMapping - Adding welcome page template: index
2020-04-13 17:03:31.364 [main] INFO  c.s.s.SpringbootKuangshenApplicationTests - Started SpringbootKuangshenApplicationTests in 3.088 seconds (JVM running for 4.184)
2020-04-13 17:03:31.572 [SpringContextShutdownHook] INFO  o.s.scheduling.concurrent.ThreadPoolTaskExecutor - Shutting down ExecutorService 'applicationTaskExecutor'
2020-04-13 17:04:55.502 [main] INFO  c.s.s.SpringbootKuangshenApplicationTests - Starting SpringbootKuangshenApplicationTests on sch with PID 4245 (started by sch in /home/sch/project/untitled/springboot-kuangshen)
2020-04-13 17:04:55.508 [main] INFO  c.s.s.SpringbootKuangshenApplicationTests - No active profile set, falling back to default profiles: default
2020-04-13 17:04:56.049 [main] INFO  o.s.d.r.config.RepositoryConfigurationDelegate - Multiple Spring Data modules found, entering strict repository configuration mode!
2020-04-13 17:04:56.052 [main] INFO  o.s.d.r.config.RepositoryConfigurationDelegate - Bootstrapping Spring Data Redis repositories in DEFAULT mode.
2020-04-13 17:04:56.073 [main] INFO  o.s.d.r.config.RepositoryConfigurationDelegate - Finished Spring Data repository scanning in 6ms. Found 0 Redis repository interfaces.
2020-04-13 17:04:57.140 [main] INFO  o.s.scheduling.concurrent.ThreadPoolTaskExecutor - Initializing ExecutorService 'applicationTaskExecutor'
2020-04-13 17:04:57.235 [main] INFO  o.s.b.a.web.servlet.WelcomePageHandlerMapping - Adding welcome page template: index
2020-04-13 17:04:57.938 [main] INFO  c.s.s.SpringbootKuangshenApplicationTests - Started SpringbootKuangshenApplicationTests in 3.045 seconds (JVM running for 4.151)
2020-04-13 17:04:58.129 [SpringContextShutdownHook] INFO  o.s.scheduling.concurrent.ThreadPoolTaskExecutor - Shutting down ExecutorService 'applicationTaskExecutor'
2020-04-13 17:05:11.508 [main] INFO  c.s.s.SpringbootKuangshenApplication - Starting SpringbootKuangshenApplication on sch with PID 4389 (/home/sch/project/untitled/springboot-kuangshen/target/classes started by sch in /home/sch/project/untitled/springboot-kuangshen)
2020-04-13 17:05:11.511 [main] INFO  c.s.s.SpringbootKuangshenApplication - No active profile set, falling back to default profiles: default
2020-04-13 17:05:12.063 [main] INFO  o.s.d.r.config.RepositoryConfigurationDelegate - Multiple Spring Data modules found, entering strict repository configuration mode!
2020-04-13 17:05:12.064 [main] INFO  o.s.d.r.config.RepositoryConfigurationDelegate - Bootstrapping Spring Data Redis repositories in DEFAULT mode.
2020-04-13 17:05:12.079 [main] INFO  o.s.d.r.config.RepositoryConfigurationDelegate - Finished Spring Data repository scanning in 5ms. Found 0 Redis repository interfaces.
2020-04-13 17:05:12.466 [main] INFO  o.s.boot.web.embedded.tomcat.TomcatWebServer - Tomcat initialized with port(s): 8089 (http)
2020-04-13 17:05:12.473 [main] INFO  org.apache.coyote.http11.Http11NioProtocol - Initializing ProtocolHandler ["http-nio-8089"]
2020-04-13 17:05:12.473 [main] INFO  org.apache.catalina.core.StandardService - Starting service [Tomcat]
2020-04-13 17:05:12.473 [main] INFO  org.apache.catalina.core.StandardEngine - Starting Servlet engine: [Apache Tomcat/9.0.33]
2020-04-13 17:05:12.529 [main] INFO  o.a.c.c.C.[Tomcat].[localhost].[/springBootWeb] - Initializing Spring embedded WebApplicationContext
2020-04-13 17:05:12.529 [main] INFO  org.springframework.web.context.ContextLoader - Root WebApplicationContext: initialization completed in 930 ms
2020-04-13 17:05:12.793 [main] INFO  o.s.scheduling.concurrent.ThreadPoolTaskExecutor - Initializing ExecutorService 'applicationTaskExecutor'
2020-04-13 17:05:12.899 [main] INFO  o.s.b.a.web.servlet.WelcomePageHandlerMapping - Adding welcome page template: index
2020-04-13 17:05:13.278 [main] INFO  org.apache.coyote.http11.Http11NioProtocol - Starting ProtocolHandler ["http-nio-8089"]
2020-04-13 17:05:13.290 [main] INFO  o.s.boot.web.embedded.tomcat.TomcatWebServer - Tomcat started on port(s): 8089 (http) with context path '/springBootWeb'
2020-04-13 17:05:13.292 [main] INFO  c.s.s.SpringbootKuangshenApplication - Started SpringbootKuangshenApplication in 2.249 seconds (JVM running for 2.659)
2020-04-13 17:05:18.345 [http-nio-8089-exec-1] INFO  o.a.c.c.C.[Tomcat].[localhost].[/springBootWeb] - Initializing Spring DispatcherServlet 'dispatcherServlet'
2020-04-13 17:05:18.346 [http-nio-8089-exec-1] INFO  org.springframework.web.servlet.DispatcherServlet - Initializing Servlet 'dispatcherServlet'
2020-04-13 17:05:18.350 [http-nio-8089-exec-1] INFO  org.springframework.web.servlet.DispatcherServlet - Completed initialization in 4 ms
2020-04-13 17:05:21.761 [SpringContextShutdownHook] INFO  o.s.scheduling.concurrent.ThreadPoolTaskExecutor - Shutting down ExecutorService 'applicationTaskExecutor'
2020-04-13 17:06:02.509 [main] INFO  c.s.s.SpringbootKuangshenApplicationTests - Starting SpringbootKuangshenApplicationTests on sch with PID 4993 (started by sch in /home/sch/project/untitled/springboot-kuangshen)
2020-04-13 17:06:02.510 [main] INFO  c.s.s.SpringbootKuangshenApplicationTests - No active profile set, falling back to default profiles: default
2020-04-13 17:06:03.050 [main] INFO  o.s.d.r.config.RepositoryConfigurationDelegate - Multiple Spring Data modules found, entering strict repository configuration mode!
2020-04-13 17:06:03.053 [main] INFO  o.s.d.r.config.RepositoryConfigurationDelegate - Bootstrapping Spring Data Redis repositories in DEFAULT mode.
2020-04-13 17:06:03.073 [main] INFO  o.s.d.r.config.RepositoryConfigurationDelegate - Finished Spring Data repository scanning in 6ms. Found 0 Redis repository interfaces.
2020-04-13 17:06:04.163 [main] INFO  o.s.scheduling.concurrent.ThreadPoolTaskExecutor - Initializing ExecutorService 'applicationTaskExecutor'
2020-04-13 17:06:04.255 [main] INFO  o.s.b.a.web.servlet.WelcomePageHandlerMapping - Adding welcome page template: index
2020-04-13 17:06:04.989 [main] INFO  c.s.s.SpringbootKuangshenApplicationTests - Started SpringbootKuangshenApplicationTests in 2.863 seconds (JVM running for 4.142)
2020-04-13 17:06:05.202 [SpringContextShutdownHook] INFO  o.s.scheduling.concurrent.ThreadPoolTaskExecutor - Shutting down ExecutorService 'applicationTaskExecutor'
2020-04-13 17:07:57.102 [main] INFO  c.s.s.SpringbootKuangshenApplicationTests - Starting SpringbootKuangshenApplicationTests on sch with PID 5301 (started by sch in /home/sch/project/untitled/springboot-kuangshen)
2020-04-13 17:07:57.105 [main] INFO  c.s.s.SpringbootKuangshenApplicationTests - No active profile set, falling back to default profiles: default
2020-04-13 17:07:57.715 [main] INFO  o.s.d.r.config.RepositoryConfigurationDelegate - Multiple Spring Data modules found, entering strict repository configuration mode!
2020-04-13 17:07:57.718 [main] INFO  o.s.d.r.config.RepositoryConfigurationDelegate - Bootstrapping Spring Data Redis repositories in DEFAULT mode.
2020-04-13 17:07:57.738 [main] INFO  o.s.d.r.config.RepositoryConfigurationDelegate - Finished Spring Data repository scanning in 7ms. Found 0 Redis repository interfaces.
2020-04-13 17:07:58.822 [main] INFO  o.s.scheduling.concurrent.ThreadPoolTaskExecutor - Initializing ExecutorService 'applicationTaskExecutor'
2020-04-13 17:07:58.915 [main] INFO  o.s.b.a.web.servlet.WelcomePageHandlerMapping - Adding welcome page template: index
2020-04-13 17:07:59.624 [main] INFO  c.s.s.SpringbootKuangshenApplicationTests - Started SpringbootKuangshenApplicationTests in 3.022 seconds (JVM running for 4.149)
2020-04-13 17:07:59.820 [SpringContextShutdownHook] INFO  o.s.scheduling.concurrent.ThreadPoolTaskExecutor - Shutting down ExecutorService 'applicationTaskExecutor'
2020-04-13 18:39:18.596 [main] INFO  c.s.s.SpringbootKuangshenApplication - Starting SpringbootKuangshenApplication on sch with PID 9046 (/home/sch/project/untitled/springboot-kuangshen/target/classes started by sch in /home/sch/project/untitled/springboot-kuangshen)
2020-04-13 18:39:18.599 [main] INFO  c.s.s.SpringbootKuangshenApplication - No active profile set, falling back to default profiles: default
2020-04-13 18:39:19.359 [main] INFO  o.s.d.r.config.RepositoryConfigurationDelegate - Multiple Spring Data modules found, entering strict repository configuration mode!
2020-04-13 18:39:19.361 [main] INFO  o.s.d.r.config.RepositoryConfigurationDelegate - Bootstrapping Spring Data Redis repositories in DEFAULT mode.
2020-04-13 18:39:19.376 [main] INFO  o.s.d.r.config.RepositoryConfigurationDelegate - Finished Spring Data repository scanning in 5ms. Found 0 Redis repository interfaces.
2020-04-13 18:39:19.798 [main] INFO  o.s.boot.web.embedded.tomcat.TomcatWebServer - Tomcat initialized with port(s): 8089 (http)
2020-04-13 18:39:19.808 [main] INFO  org.apache.coyote.http11.Http11NioProtocol - Initializing ProtocolHandler ["http-nio-8089"]
2020-04-13 18:39:19.809 [main] INFO  org.apache.catalina.core.StandardService - Starting service [Tomcat]
2020-04-13 18:39:19.809 [main] INFO  org.apache.catalina.core.StandardEngine - Starting Servlet engine: [Apache Tomcat/9.0.33]
2020-04-13 18:39:19.879 [main] INFO  o.a.c.c.C.[Tomcat].[localhost].[/springBootWeb] - Initializing Spring embedded WebApplicationContext
2020-04-13 18:39:19.879 [main] INFO  org.springframework.web.context.ContextLoader - Root WebApplicationContext: initialization completed in 1111 ms
2020-04-13 18:39:20.151 [main] INFO  o.s.scheduling.concurrent.ThreadPoolTaskExecutor - Initializing ExecutorService 'applicationTaskExecutor'
2020-04-13 18:39:20.262 [main] INFO  o.s.b.a.web.servlet.WelcomePageHandlerMapping - Adding welcome page template: index
2020-04-13 18:39:20.645 [main] INFO  org.apache.coyote.http11.Http11NioProtocol - Starting ProtocolHandler ["http-nio-8089"]
2020-04-13 18:39:20.658 [main] INFO  o.s.boot.web.embedded.tomcat.TomcatWebServer - Tomcat started on port(s): 8089 (http) with context path '/springBootWeb'
2020-04-13 18:39:20.660 [main] INFO  c.s.s.SpringbootKuangshenApplication - Started SpringbootKuangshenApplication in 2.738 seconds (JVM running for 3.378)
2020-04-13 18:39:27.820 [http-nio-8089-exec-1] INFO  o.a.c.c.C.[Tomcat].[localhost].[/springBootWeb] - Initializing Spring DispatcherServlet 'dispatcherServlet'
2020-04-13 18:39:27.821 [http-nio-8089-exec-1] INFO  org.springframework.web.servlet.DispatcherServlet - Initializing Servlet 'dispatcherServlet'
2020-04-13 18:39:27.826 [http-nio-8089-exec-1] INFO  org.springframework.web.servlet.DispatcherServlet - Completed initialization in 5 ms
2020-04-13 18:40:07.664 [SpringContextShutdownHook] INFO  o.s.scheduling.concurrent.ThreadPoolTaskExecutor - Shutting down ExecutorService 'applicationTaskExecutor'
